<?xml version="1.0" encoding="UTF-8"?>
<testsuite xmlns:xsi="http://www.w3.org/2001/XMLSchema-instance" xsi:noNamespaceSchemaLocation="https://maven.apache.org/surefire/maven-surefire-plugin/xsd/surefire-test-report-3.0.xsd" version="3.0" name="TestSuite" time="29.576" tests="1" errors="0" skipped="0" failures="1">
  <properties>
    <property name="sun.desktop" value="windows"/>
    <property name="awt.toolkit" value="sun.awt.windows.WToolkit"/>
    <property name="java.specification.version" value="11"/>
    <property name="webdriver.chrome.driver" value="C:\Users\Sarkerm.rashid\.cache\selenium\chromedriver\win32\110.0.5481.77\chromedriver.exe"/>
    <property name="sun.cpu.isalist" value="amd64"/>
    <property name="sun.jnu.encoding" value="Cp1252"/>
    <property name="java.class.path" value="C:\Users\Sarkerm.rashid\IdeaProjects\accessibility-test\target\test-classes;C:\Users\Sarkerm.rashid\IdeaProjects\accessibility-test\target\classes;C:\Users\Sarkerm.rashid\.m2\repository\io\cucumber\cucumber-jvm-deps\1.0.6\cucumber-jvm-deps-1.0.6.jar;C:\Users\Sarkerm.rashid\.m2\repository\cobertura\cobertura\1.8\cobertura-1.8.jar;C:\Users\Sarkerm.rashid\.m2\repository\oro\oro\2.0.8\oro-2.0.8.jar;C:\Users\Sarkerm.rashid\.m2\repository\asm\asm\2.2.1\asm-2.2.1.jar;C:\Users\Sarkerm.rashid\.m2\repository\log4j\log4j\1.2.9\log4j-1.2.9.jar;C:\Users\Sarkerm.rashid\.m2\repository\io\cucumber\gherkin\26.0.2\gherkin-26.0.2.jar;C:\Users\Sarkerm.rashid\.m2\repository\io\cucumber\messages\19.1.4\messages-19.1.4.jar;C:\Users\Sarkerm.rashid\.m2\repository\org\seleniumhq\selenium\selenium-java\4.7.1\selenium-java-4.7.1.jar;C:\Users\Sarkerm.rashid\.m2\repository\org\seleniumhq\selenium\selenium-api\4.7.1\selenium-api-4.7.1.jar;C:\Users\Sarkerm.rashid\.m2\repository\org\seleniumhq\selenium\selenium-chrome-driver\4.7.1\selenium-chrome-driver-4.7.1.jar;C:\Users\Sarkerm.rashid\.m2\repository\com\google\auto\service\auto-service-annotations\1.0.1\auto-service-annotations-1.0.1.jar;C:\Users\Sarkerm.rashid\.m2\repository\com\google\auto\service\auto-service\1.0.1\auto-service-1.0.1.jar;C:\Users\Sarkerm.rashid\.m2\repository\com\google\auto\auto-common\1.2\auto-common-1.2.jar;C:\Users\Sarkerm.rashid\.m2\repository\com\google\guava\guava\31.1-jre\guava-31.1-jre.jar;C:\Users\Sarkerm.rashid\.m2\repository\com\google\guava\failureaccess\1.0.1\failureaccess-1.0.1.jar;C:\Users\Sarkerm.rashid\.m2\repository\com\google\guava\listenablefuture\9999.0-empty-to-avoid-conflict-with-guava\listenablefuture-9999.0-empty-to-avoid-conflict-with-guava.jar;C:\Users\Sarkerm.rashid\.m2\repository\com\google\code\findbugs\jsr305\3.0.2\jsr305-3.0.2.jar;C:\Users\Sarkerm.rashid\.m2\repository\org\checkerframework\checker-qual\3.12.0\checker-qual-3.12.0.jar;C:\Users\Sarkerm.rashid\.m2\repository\com\google\errorprone\error_prone_annotations\2.11.0\error_prone_annotations-2.11.0.jar;C:\Users\Sarkerm.rashid\.m2\repository\com\google\j2objc\j2objc-annotations\1.3\j2objc-annotations-1.3.jar;C:\Users\Sarkerm.rashid\.m2\repository\org\seleniumhq\selenium\selenium-chromium-driver\4.7.1\selenium-chromium-driver-4.7.1.jar;C:\Users\Sarkerm.rashid\.m2\repository\org\seleniumhq\selenium\selenium-json\4.7.1\selenium-json-4.7.1.jar;C:\Users\Sarkerm.rashid\.m2\repository\org\seleniumhq\selenium\selenium-devtools-v106\4.7.1\selenium-devtools-v106-4.7.1.jar;C:\Users\Sarkerm.rashid\.m2\repository\org\seleniumhq\selenium\selenium-devtools-v107\4.7.1\selenium-devtools-v107-4.7.1.jar;C:\Users\Sarkerm.rashid\.m2\repository\org\seleniumhq\selenium\selenium-devtools-v108\4.7.1\selenium-devtools-v108-4.7.1.jar;C:\Users\Sarkerm.rashid\.m2\repository\org\seleniumhq\selenium\selenium-devtools-v85\4.7.1\selenium-devtools-v85-4.7.1.jar;C:\Users\Sarkerm.rashid\.m2\repository\org\seleniumhq\selenium\selenium-edge-driver\4.7.1\selenium-edge-driver-4.7.1.jar;C:\Users\Sarkerm.rashid\.m2\repository\org\seleniumhq\selenium\selenium-firefox-driver\4.7.1\selenium-firefox-driver-4.7.1.jar;C:\Users\Sarkerm.rashid\.m2\repository\org\seleniumhq\selenium\selenium-http\4.7.1\selenium-http-4.7.1.jar;C:\Users\Sarkerm.rashid\.m2\repository\dev\failsafe\failsafe\3.3.0\failsafe-3.3.0.jar;C:\Users\Sarkerm.rashid\.m2\repository\org\seleniumhq\selenium\selenium-ie-driver\4.7.1\selenium-ie-driver-4.7.1.jar;C:\Users\Sarkerm.rashid\.m2\repository\org\seleniumhq\selenium\selenium-remote-driver\4.7.1\selenium-remote-driver-4.7.1.jar;C:\Users\Sarkerm.rashid\.m2\repository\io\netty\netty-buffer\4.1.84.Final\netty-buffer-4.1.84.Final.jar;C:\Users\Sarkerm.rashid\.m2\repository\io\netty\netty-codec-http\4.1.84.Final\netty-codec-http-4.1.84.Final.jar;C:\Users\Sarkerm.rashid\.m2\repository\io\netty\netty-codec\4.1.84.Final\netty-codec-4.1.84.Final.jar;C:\Users\Sarkerm.rashid\.m2\repository\io\netty\netty-handler\4.1.84.Final\netty-handler-4.1.84.Final.jar;C:\Users\Sarkerm.rashid\.m2\repository\io\netty\netty-common\4.1.84.Final\netty-common-4.1.84.Final.jar;C:\Users\Sarkerm.rashid\.m2\repository\io\netty\netty-transport-classes-epoll\4.1.84.Final\netty-transport-classes-epoll-4.1.84.Final.jar;C:\Users\Sarkerm.rashid\.m2\repository\io\netty\netty-transport-classes-kqueue\4.1.84.Final\netty-transport-classes-kqueue-4.1.84.Final.jar;C:\Users\Sarkerm.rashid\.m2\repository\io\netty\netty-transport-native-epoll\4.1.84.Final\netty-transport-native-epoll-4.1.84.Final.jar;C:\Users\Sarkerm.rashid\.m2\repository\io\netty\netty-transport-native-kqueue\4.1.84.Final\netty-transport-native-kqueue-4.1.84.Final.jar;C:\Users\Sarkerm.rashid\.m2\repository\io\netty\netty-transport-native-unix-common\4.1.84.Final\netty-transport-native-unix-common-4.1.84.Final.jar;C:\Users\Sarkerm.rashid\.m2\repository\io\netty\netty-transport\4.1.84.Final\netty-transport-4.1.84.Final.jar;C:\Users\Sarkerm.rashid\.m2\repository\io\netty\netty-resolver\4.1.84.Final\netty-resolver-4.1.84.Final.jar;C:\Users\Sarkerm.rashid\.m2\repository\io\opentelemetry\opentelemetry-api\1.19.0\opentelemetry-api-1.19.0.jar;C:\Users\Sarkerm.rashid\.m2\repository\io\opentelemetry\opentelemetry-context\1.19.0\opentelemetry-context-1.19.0.jar;C:\Users\Sarkerm.rashid\.m2\repository\io\opentelemetry\opentelemetry-exporter-logging\1.19.0\opentelemetry-exporter-logging-1.19.0.jar;C:\Users\Sarkerm.rashid\.m2\repository\io\opentelemetry\opentelemetry-sdk-metrics\1.19.0\opentelemetry-sdk-metrics-1.19.0.jar;C:\Users\Sarkerm.rashid\.m2\repository\io\opentelemetry\opentelemetry-sdk-logs\1.19.0-alpha\opentelemetry-sdk-logs-1.19.0-alpha.jar;C:\Users\Sarkerm.rashid\.m2\repository\io\opentelemetry\opentelemetry-api-logs\1.19.0-alpha\opentelemetry-api-logs-1.19.0-alpha.jar;C:\Users\Sarkerm.rashid\.m2\repository\io\opentelemetry\opentelemetry-sdk-common\1.19.0\opentelemetry-sdk-common-1.19.0.jar;C:\Users\Sarkerm.rashid\.m2\repository\io\opentelemetry\opentelemetry-sdk-extension-autoconfigure-spi\1.19.0\opentelemetry-sdk-extension-autoconfigure-spi-1.19.0.jar;C:\Users\Sarkerm.rashid\.m2\repository\io\opentelemetry\opentelemetry-sdk-extension-autoconfigure\1.19.0-alpha\opentelemetry-sdk-extension-autoconfigure-1.19.0-alpha.jar;C:\Users\Sarkerm.rashid\.m2\repository\io\opentelemetry\opentelemetry-exporter-common\1.19.0\opentelemetry-exporter-common-1.19.0.jar;C:\Users\Sarkerm.rashid\.m2\repository\io\opentelemetry\opentelemetry-sdk-trace\1.19.0\opentelemetry-sdk-trace-1.19.0.jar;C:\Users\Sarkerm.rashid\.m2\repository\io\opentelemetry\opentelemetry-sdk\1.19.0\opentelemetry-sdk-1.19.0.jar;C:\Users\Sarkerm.rashid\.m2\repository\io\opentelemetry\opentelemetry-semconv\1.19.0-alpha\opentelemetry-semconv-1.19.0-alpha.jar;C:\Users\Sarkerm.rashid\.m2\repository\io\ous\jtoml\2.0.0\jtoml-2.0.0.jar;C:\Users\Sarkerm.rashid\.m2\repository\net\bytebuddy\byte-buddy\1.12.18\byte-buddy-1.12.18.jar;C:\Users\Sarkerm.rashid\.m2\repository\org\apache\commons\commons-exec\1.3\commons-exec-1.3.jar;C:\Users\Sarkerm.rashid\.m2\repository\org\asynchttpclient\async-http-client\2.12.3\async-http-client-2.12.3.jar;C:\Users\Sarkerm.rashid\.m2\repository\org\asynchttpclient\async-http-client-netty-utils\2.12.3\async-http-client-netty-utils-2.12.3.jar;C:\Users\Sarkerm.rashid\.m2\repository\io\netty\netty-codec-socks\4.1.60.Final\netty-codec-socks-4.1.60.Final.jar;C:\Users\Sarkerm.rashid\.m2\repository\io\netty\netty-handler-proxy\4.1.60.Final\netty-handler-proxy-4.1.60.Final.jar;C:\Users\Sarkerm.rashid\.m2\repository\io\netty\netty-transport-native-epoll\4.1.60.Final\netty-transport-native-epoll-4.1.60.Final-linux-x86_64.jar;C:\Users\Sarkerm.rashid\.m2\repository\io\netty\netty-transport-native-kqueue\4.1.60.Final\netty-transport-native-kqueue-4.1.60.Final-osx-x86_64.jar;C:\Users\Sarkerm.rashid\.m2\repository\com\typesafe\netty\netty-reactive-streams\2.0.4\netty-reactive-streams-2.0.4.jar;C:\Users\Sarkerm.rashid\.m2\repository\com\sun\activation\jakarta.activation\1.2.2\jakarta.activation-1.2.2.jar;C:\Users\Sarkerm.rashid\.m2\repository\org\seleniumhq\selenium\selenium-manager\4.7.1\selenium-manager-4.7.1.jar;C:\Users\Sarkerm.rashid\.m2\repository\org\seleniumhq\selenium\selenium-safari-driver\4.7.1\selenium-safari-driver-4.7.1.jar;C:\Users\Sarkerm.rashid\.m2\repository\org\seleniumhq\selenium\selenium-support\4.7.1\selenium-support-4.7.1.jar;C:\Users\Sarkerm.rashid\.m2\repository\org\apache\poi\poi\5.2.2\poi-5.2.2.jar;C:\Users\Sarkerm.rashid\.m2\repository\commons-codec\commons-codec\1.15\commons-codec-1.15.jar;C:\Users\Sarkerm.rashid\.m2\repository\org\apache\commons\commons-collections4\4.4\commons-collections4-4.4.jar;C:\Users\Sarkerm.rashid\.m2\repository\org\apache\commons\commons-math3\3.6.1\commons-math3-3.6.1.jar;C:\Users\Sarkerm.rashid\.m2\repository\com\zaxxer\SparseBitSet\1.2\SparseBitSet-1.2.jar;C:\Users\Sarkerm.rashid\.m2\repository\org\apache\logging\log4j\log4j-api\2.17.2\log4j-api-2.17.2.jar;C:\Users\Sarkerm.rashid\.m2\repository\org\apache\poi\poi-ooxml\5.2.2\poi-ooxml-5.2.2.jar;C:\Users\Sarkerm.rashid\.m2\repository\org\apache\poi\poi-ooxml-lite\5.2.2\poi-ooxml-lite-5.2.2.jar;C:\Users\Sarkerm.rashid\.m2\repository\org\apache\xmlbeans\xmlbeans\5.0.3\xmlbeans-5.0.3.jar;C:\Users\Sarkerm.rashid\.m2\repository\org\apache\commons\commons-compress\1.21\commons-compress-1.21.jar;C:\Users\Sarkerm.rashid\.m2\repository\com\github\virtuald\curvesapi\1.07\curvesapi-1.07.jar;C:\Users\Sarkerm.rashid\.m2\repository\com\aventstack\extentreports\5.0.9\extentreports-5.0.9.jar;C:\Users\Sarkerm.rashid\.m2\repository\io\reactivex\rxjava3\rxjava\3.0.4\rxjava-3.0.4.jar;C:\Users\Sarkerm.rashid\.m2\repository\org\reactivestreams\reactive-streams\1.0.3\reactive-streams-1.0.3.jar;C:\Users\Sarkerm.rashid\.m2\repository\org\freemarker\freemarker\2.3.30\freemarker-2.3.30.jar;C:\Users\Sarkerm.rashid\.m2\repository\org\projectlombok\lombok\1.18.12\lombok-1.18.12.jar;C:\Users\Sarkerm.rashid\.m2\repository\com\google\code\gson\gson\2.8.6\gson-2.8.6.jar;C:\Users\Sarkerm.rashid\.m2\repository\org\apache\commons\commons-lang3\3.12.0\commons-lang3-3.12.0.jar;C:\Users\Sarkerm.rashid\.m2\repository\commons-io\commons-io\2.11.0\commons-io-2.11.0.jar;C:\Users\Sarkerm.rashid\.m2\repository\io\cucumber\cucumber-core\7.10.1\cucumber-core-7.10.1.jar;C:\Users\Sarkerm.rashid\.m2\repository\io\cucumber\cucumber-gherkin-messages\7.10.1\cucumber-gherkin-messages-7.10.1.jar;C:\Users\Sarkerm.rashid\.m2\repository\io\cucumber\tag-expressions\4.1.0\tag-expressions-4.1.0.jar;C:\Users\Sarkerm.rashid\.m2\repository\io\cucumber\cucumber-expressions\16.1.1\cucumber-expressions-16.1.1.jar;C:\Users\Sarkerm.rashid\.m2\repository\io\cucumber\datatable\7.10.1\datatable-7.10.1.jar;C:\Users\Sarkerm.rashid\.m2\repository\io\cucumber\cucumber-plugin\7.10.1\cucumber-plugin-7.10.1.jar;C:\Users\Sarkerm.rashid\.m2\repository\io\cucumber\docstring\7.10.1\docstring-7.10.1.jar;C:\Users\Sarkerm.rashid\.m2\repository\io\cucumber\html-formatter\20.2.0\html-formatter-20.2.0.jar;C:\Users\Sarkerm.rashid\.m2\repository\io\cucumber\ci-environment\9.1.0\ci-environment-9.1.0.jar;C:\Users\Sarkerm.rashid\.m2\repository\org\apiguardian\apiguardian-api\1.1.2\apiguardian-api-1.1.2.jar;C:\Users\Sarkerm.rashid\.m2\repository\io\cucumber\cucumber-java\7.10.1\cucumber-java-7.10.1.jar;C:\Users\Sarkerm.rashid\.m2\repository\io\cucumber\cucumber-testng\7.10.1\cucumber-testng-7.10.1.jar;C:\Users\Sarkerm.rashid\.m2\repository\io\github\bonigarcia\webdrivermanager\5.3.1\webdrivermanager-5.3.1.jar;C:\Users\Sarkerm.rashid\.m2\repository\com\github\docker-java\docker-java\3.2.13\docker-java-3.2.13.jar;C:\Users\Sarkerm.rashid\.m2\repository\com\github\docker-java\docker-java-core\3.2.13\docker-java-core-3.2.13.jar;C:\Users\Sarkerm.rashid\.m2\repository\com\github\docker-java\docker-java-api\3.2.13\docker-java-api-3.2.13.jar;C:\Users\Sarkerm.rashid\.m2\repository\org\bouncycastle\bcpkix-jdk15on\1.64\bcpkix-jdk15on-1.64.jar;C:\Users\Sarkerm.rashid\.m2\repository\org\bouncycastle\bcprov-jdk15on\1.64\bcprov-jdk15on-1.64.jar;C:\Users\Sarkerm.rashid\.m2\repository\org\slf4j\jcl-over-slf4j\1.7.30\jcl-over-slf4j-1.7.30.jar;C:\Users\Sarkerm.rashid\.m2\repository\com\github\docker-java\docker-java-transport-httpclient5\3.2.13\docker-java-transport-httpclient5-3.2.13.jar;C:\Users\Sarkerm.rashid\.m2\repository\com\github\docker-java\docker-java-transport\3.2.13\docker-java-transport-3.2.13.jar;C:\Users\Sarkerm.rashid\.m2\repository\net\java\dev\jna\jna\5.8.0\jna-5.8.0.jar;C:\Users\Sarkerm.rashid\.m2\repository\org\brotli\dec\0.1.2\dec-0.1.2.jar;C:\Users\Sarkerm.rashid\.m2\repository\org\apache\httpcomponents\client5\httpclient5\5.1.3\httpclient5-5.1.3.jar;C:\Users\Sarkerm.rashid\.m2\repository\org\apache\httpcomponents\core5\httpcore5\5.1.3\httpcore5-5.1.3.jar;C:\Users\Sarkerm.rashid\.m2\repository\org\apache\httpcomponents\core5\httpcore5-h2\5.1.3\httpcore5-h2-5.1.3.jar;C:\Users\Sarkerm.rashid\.m2\repository\junit\junit\4.13.2\junit-4.13.2.jar;C:\Users\Sarkerm.rashid\.m2\repository\org\hamcrest\hamcrest-core\1.3\hamcrest-core-1.3.jar;C:\Users\Sarkerm.rashid\.m2\repository\io\cucumber\cucumber-html\0.2.7\cucumber-html-0.2.7.jar;C:\Users\Sarkerm.rashid\.m2\repository\io\cucumber\cucumber-junit\7.10.1\cucumber-junit-7.10.1.jar;C:\Users\Sarkerm.rashid\.m2\repository\org\mockito\mockito-all\1.10.19\mockito-all-1.10.19.jar;C:\Users\Sarkerm.rashid\.m2\repository\io\cucumber\cucumber-gherkin\7.10.1\cucumber-gherkin-7.10.1.jar;C:\Users\Sarkerm.rashid\.m2\repository\io\cucumber\cucumber-picocontainer\7.10.1\cucumber-picocontainer-7.10.1.jar;C:\Users\Sarkerm.rashid\.m2\repository\org\picocontainer\picocontainer\2.15\picocontainer-2.15.jar;C:\Users\Sarkerm.rashid\.m2\repository\org\testng\testng\7.7.0\testng-7.7.0.jar;C:\Users\Sarkerm.rashid\.m2\repository\com\beust\jcommander\1.82\jcommander-1.82.jar;C:\Users\Sarkerm.rashid\.m2\repository\org\webjars\jquery\3.6.1\jquery-3.6.1.jar;C:\Users\Sarkerm.rashid\.m2\repository\net\masterthought\maven-cucumber-reporting\5.7.1\maven-cucumber-reporting-5.7.1.jar;C:\Users\Sarkerm.rashid\.m2\repository\org\apache\maven\maven-plugin-api\3.8.6\maven-plugin-api-3.8.6.jar;C:\Users\Sarkerm.rashid\.m2\repository\org\apache\maven\maven-model\3.8.6\maven-model-3.8.6.jar;C:\Users\Sarkerm.rashid\.m2\repository\org\apache\maven\maven-artifact\3.8.6\maven-artifact-3.8.6.jar;C:\Users\Sarkerm.rashid\.m2\repository\org\eclipse\sisu\org.eclipse.sisu.plexus\0.3.5\org.eclipse.sisu.plexus-0.3.5.jar;C:\Users\Sarkerm.rashid\.m2\repository\javax\annotation\javax.annotation-api\1.2\javax.annotation-api-1.2.jar;C:\Users\Sarkerm.rashid\.m2\repository\org\eclipse\sisu\org.eclipse.sisu.inject\0.3.5\org.eclipse.sisu.inject-0.3.5.jar;C:\Users\Sarkerm.rashid\.m2\repository\org\codehaus\plexus\plexus-component-annotations\1.5.5\plexus-component-annotations-1.5.5.jar;C:\Users\Sarkerm.rashid\.m2\repository\org\codehaus\plexus\plexus-utils\3.3.1\plexus-utils-3.3.1.jar;C:\Users\Sarkerm.rashid\.m2\repository\org\codehaus\plexus\plexus-classworlds\2.6.0\plexus-classworlds-2.6.0.jar;C:\Users\Sarkerm.rashid\.m2\repository\net\masterthought\cucumber-reporting\5.7.2\cucumber-reporting-5.7.2.jar;C:\Users\Sarkerm.rashid\.m2\repository\com\fasterxml\jackson\core\jackson-databind\2.13.2.2\jackson-databind-2.13.2.2.jar;C:\Users\Sarkerm.rashid\.m2\repository\com\fasterxml\jackson\core\jackson-annotations\2.13.2\jackson-annotations-2.13.2.jar;C:\Users\Sarkerm.rashid\.m2\repository\com\fasterxml\jackson\core\jackson-core\2.13.2\jackson-core-2.13.2.jar;C:\Users\Sarkerm.rashid\.m2\repository\com\fasterxml\jackson\datatype\jackson-datatype-jsr310\2.13.2\jackson-datatype-jsr310-2.13.2.jar;C:\Users\Sarkerm.rashid\.m2\repository\org\apache\velocity\velocity-engine-core\2.3\velocity-engine-core-2.3.jar;C:\Users\Sarkerm.rashid\.m2\repository\commons-collections\commons-collections\3.2.2\commons-collections-3.2.2.jar;C:\Users\Sarkerm.rashid\.m2\repository\joda-time\joda-time\2.10.14\joda-time-2.10.14.jar;C:\Users\Sarkerm.rashid\.m2\repository\org\jsoup\jsoup\1.15.1\jsoup-1.15.1.jar;C:\Users\Sarkerm.rashid\.m2\repository\com\googlecode\owasp-java-html-sanitizer\owasp-java-html-sanitizer\20211018.2\owasp-java-html-sanitizer-20211018.2.jar;C:\Users\Sarkerm.rashid\.m2\repository\commons-configuration\commons-configuration\1.10\commons-configuration-1.10.jar;C:\Users\Sarkerm.rashid\.m2\repository\commons-lang\commons-lang\2.6\commons-lang-2.6.jar;C:\Users\Sarkerm.rashid\.m2\repository\commons-logging\commons-logging\1.1.1\commons-logging-1.1.1.jar;C:\Users\Sarkerm.rashid\.m2\repository\com\deque\axe-selenium\3.0\axe-selenium-3.0.jar;C:\Users\Sarkerm.rashid\.m2\repository\org\json\json\20160212\json-20160212.jar;C:\Users\Sarkerm.rashid\.m2\repository\org\slf4j\slf4j-api\2.0.0-alpha0\slf4j-api-2.0.0-alpha0.jar;C:\Users\Sarkerm.rashid\.m2\repository\io\qameta\allure\allure-testng\2.20.1\allure-testng-2.20.1.jar;C:\Users\Sarkerm.rashid\.m2\repository\io\qameta\allure\allure-java-commons\2.20.1\allure-java-commons-2.20.1.jar;C:\Users\Sarkerm.rashid\.m2\repository\io\qameta\allure\allure-model\2.20.1\allure-model-2.20.1.jar;C:\Users\Sarkerm.rashid\.m2\repository\io\qameta\allure\allure-test-filter\2.20.1\allure-test-filter-2.20.1.jar;"/>
    <property name="java.vm.vendor" value="Oracle Corporation"/>
    <property name="sun.arch.data.model" value="64"/>
    <property name="user.variant" value=""/>
    <property name="java.vendor.url" value="https://openjdk.java.net/"/>
    <property name="user.timezone" value="America/Chicago"/>
    <property name="java.vm.specification.version" value="11"/>
    <property name="os.name" value="Windows 10"/>
    <property name="sun.java.launcher" value="SUN_STANDARD"/>
    <property name="user.country" value="US"/>
    <property name="sun.boot.library.path" value="C:\Program Files\Java\jdk-11.0.17\bin"/>
    <property name="sun.java.command" value="C:\Users\Sarkerm.rashid\AppData\Local\Temp\surefire2304366996561431482\surefirebooter1264329212086764829.jar C:\Users\Sarkerm.rashid\AppData\Local\Temp\surefire2304366996561431482 2023-02-24T16-24-38_840-jvmRun1 surefire4364644543617812991tmp surefire_04211092446581131808tmp"/>
    <property name="jdk.debug" value="release"/>
    <property name="surefire.test.class.path" value="C:\Users\Sarkerm.rashid\IdeaProjects\accessibility-test\target\test-classes;C:\Users\Sarkerm.rashid\IdeaProjects\accessibility-test\target\classes;C:\Users\Sarkerm.rashid\.m2\repository\io\cucumber\cucumber-jvm-deps\1.0.6\cucumber-jvm-deps-1.0.6.jar;C:\Users\Sarkerm.rashid\.m2\repository\cobertura\cobertura\1.8\cobertura-1.8.jar;C:\Users\Sarkerm.rashid\.m2\repository\oro\oro\2.0.8\oro-2.0.8.jar;C:\Users\Sarkerm.rashid\.m2\repository\asm\asm\2.2.1\asm-2.2.1.jar;C:\Users\Sarkerm.rashid\.m2\repository\log4j\log4j\1.2.9\log4j-1.2.9.jar;C:\Users\Sarkerm.rashid\.m2\repository\io\cucumber\gherkin\26.0.2\gherkin-26.0.2.jar;C:\Users\Sarkerm.rashid\.m2\repository\io\cucumber\messages\19.1.4\messages-19.1.4.jar;C:\Users\Sarkerm.rashid\.m2\repository\org\seleniumhq\selenium\selenium-java\4.7.1\selenium-java-4.7.1.jar;C:\Users\Sarkerm.rashid\.m2\repository\org\seleniumhq\selenium\selenium-api\4.7.1\selenium-api-4.7.1.jar;C:\Users\Sarkerm.rashid\.m2\repository\org\seleniumhq\selenium\selenium-chrome-driver\4.7.1\selenium-chrome-driver-4.7.1.jar;C:\Users\Sarkerm.rashid\.m2\repository\com\google\auto\service\auto-service-annotations\1.0.1\auto-service-annotations-1.0.1.jar;C:\Users\Sarkerm.rashid\.m2\repository\com\google\auto\service\auto-service\1.0.1\auto-service-1.0.1.jar;C:\Users\Sarkerm.rashid\.m2\repository\com\google\auto\auto-common\1.2\auto-common-1.2.jar;C:\Users\Sarkerm.rashid\.m2\repository\com\google\guava\guava\31.1-jre\guava-31.1-jre.jar;C:\Users\Sarkerm.rashid\.m2\repository\com\google\guava\failureaccess\1.0.1\failureaccess-1.0.1.jar;C:\Users\Sarkerm.rashid\.m2\repository\com\google\guava\listenablefuture\9999.0-empty-to-avoid-conflict-with-guava\listenablefuture-9999.0-empty-to-avoid-conflict-with-guava.jar;C:\Users\Sarkerm.rashid\.m2\repository\com\google\code\findbugs\jsr305\3.0.2\jsr305-3.0.2.jar;C:\Users\Sarkerm.rashid\.m2\repository\org\checkerframework\checker-qual\3.12.0\checker-qual-3.12.0.jar;C:\Users\Sarkerm.rashid\.m2\repository\com\google\errorprone\error_prone_annotations\2.11.0\error_prone_annotations-2.11.0.jar;C:\Users\Sarkerm.rashid\.m2\repository\com\google\j2objc\j2objc-annotations\1.3\j2objc-annotations-1.3.jar;C:\Users\Sarkerm.rashid\.m2\repository\org\seleniumhq\selenium\selenium-chromium-driver\4.7.1\selenium-chromium-driver-4.7.1.jar;C:\Users\Sarkerm.rashid\.m2\repository\org\seleniumhq\selenium\selenium-json\4.7.1\selenium-json-4.7.1.jar;C:\Users\Sarkerm.rashid\.m2\repository\org\seleniumhq\selenium\selenium-devtools-v106\4.7.1\selenium-devtools-v106-4.7.1.jar;C:\Users\Sarkerm.rashid\.m2\repository\org\seleniumhq\selenium\selenium-devtools-v107\4.7.1\selenium-devtools-v107-4.7.1.jar;C:\Users\Sarkerm.rashid\.m2\repository\org\seleniumhq\selenium\selenium-devtools-v108\4.7.1\selenium-devtools-v108-4.7.1.jar;C:\Users\Sarkerm.rashid\.m2\repository\org\seleniumhq\selenium\selenium-devtools-v85\4.7.1\selenium-devtools-v85-4.7.1.jar;C:\Users\Sarkerm.rashid\.m2\repository\org\seleniumhq\selenium\selenium-edge-driver\4.7.1\selenium-edge-driver-4.7.1.jar;C:\Users\Sarkerm.rashid\.m2\repository\org\seleniumhq\selenium\selenium-firefox-driver\4.7.1\selenium-firefox-driver-4.7.1.jar;C:\Users\Sarkerm.rashid\.m2\repository\org\seleniumhq\selenium\selenium-http\4.7.1\selenium-http-4.7.1.jar;C:\Users\Sarkerm.rashid\.m2\repository\dev\failsafe\failsafe\3.3.0\failsafe-3.3.0.jar;C:\Users\Sarkerm.rashid\.m2\repository\org\seleniumhq\selenium\selenium-ie-driver\4.7.1\selenium-ie-driver-4.7.1.jar;C:\Users\Sarkerm.rashid\.m2\repository\org\seleniumhq\selenium\selenium-remote-driver\4.7.1\selenium-remote-driver-4.7.1.jar;C:\Users\Sarkerm.rashid\.m2\repository\io\netty\netty-buffer\4.1.84.Final\netty-buffer-4.1.84.Final.jar;C:\Users\Sarkerm.rashid\.m2\repository\io\netty\netty-codec-http\4.1.84.Final\netty-codec-http-4.1.84.Final.jar;C:\Users\Sarkerm.rashid\.m2\repository\io\netty\netty-codec\4.1.84.Final\netty-codec-4.1.84.Final.jar;C:\Users\Sarkerm.rashid\.m2\repository\io\netty\netty-handler\4.1.84.Final\netty-handler-4.1.84.Final.jar;C:\Users\Sarkerm.rashid\.m2\repository\io\netty\netty-common\4.1.84.Final\netty-common-4.1.84.Final.jar;C:\Users\Sarkerm.rashid\.m2\repository\io\netty\netty-transport-classes-epoll\4.1.84.Final\netty-transport-classes-epoll-4.1.84.Final.jar;C:\Users\Sarkerm.rashid\.m2\repository\io\netty\netty-transport-classes-kqueue\4.1.84.Final\netty-transport-classes-kqueue-4.1.84.Final.jar;C:\Users\Sarkerm.rashid\.m2\repository\io\netty\netty-transport-native-epoll\4.1.84.Final\netty-transport-native-epoll-4.1.84.Final.jar;C:\Users\Sarkerm.rashid\.m2\repository\io\netty\netty-transport-native-kqueue\4.1.84.Final\netty-transport-native-kqueue-4.1.84.Final.jar;C:\Users\Sarkerm.rashid\.m2\repository\io\netty\netty-transport-native-unix-common\4.1.84.Final\netty-transport-native-unix-common-4.1.84.Final.jar;C:\Users\Sarkerm.rashid\.m2\repository\io\netty\netty-transport\4.1.84.Final\netty-transport-4.1.84.Final.jar;C:\Users\Sarkerm.rashid\.m2\repository\io\netty\netty-resolver\4.1.84.Final\netty-resolver-4.1.84.Final.jar;C:\Users\Sarkerm.rashid\.m2\repository\io\opentelemetry\opentelemetry-api\1.19.0\opentelemetry-api-1.19.0.jar;C:\Users\Sarkerm.rashid\.m2\repository\io\opentelemetry\opentelemetry-context\1.19.0\opentelemetry-context-1.19.0.jar;C:\Users\Sarkerm.rashid\.m2\repository\io\opentelemetry\opentelemetry-exporter-logging\1.19.0\opentelemetry-exporter-logging-1.19.0.jar;C:\Users\Sarkerm.rashid\.m2\repository\io\opentelemetry\opentelemetry-sdk-metrics\1.19.0\opentelemetry-sdk-metrics-1.19.0.jar;C:\Users\Sarkerm.rashid\.m2\repository\io\opentelemetry\opentelemetry-sdk-logs\1.19.0-alpha\opentelemetry-sdk-logs-1.19.0-alpha.jar;C:\Users\Sarkerm.rashid\.m2\repository\io\opentelemetry\opentelemetry-api-logs\1.19.0-alpha\opentelemetry-api-logs-1.19.0-alpha.jar;C:\Users\Sarkerm.rashid\.m2\repository\io\opentelemetry\opentelemetry-sdk-common\1.19.0\opentelemetry-sdk-common-1.19.0.jar;C:\Users\Sarkerm.rashid\.m2\repository\io\opentelemetry\opentelemetry-sdk-extension-autoconfigure-spi\1.19.0\opentelemetry-sdk-extension-autoconfigure-spi-1.19.0.jar;C:\Users\Sarkerm.rashid\.m2\repository\io\opentelemetry\opentelemetry-sdk-extension-autoconfigure\1.19.0-alpha\opentelemetry-sdk-extension-autoconfigure-1.19.0-alpha.jar;C:\Users\Sarkerm.rashid\.m2\repository\io\opentelemetry\opentelemetry-exporter-common\1.19.0\opentelemetry-exporter-common-1.19.0.jar;C:\Users\Sarkerm.rashid\.m2\repository\io\opentelemetry\opentelemetry-sdk-trace\1.19.0\opentelemetry-sdk-trace-1.19.0.jar;C:\Users\Sarkerm.rashid\.m2\repository\io\opentelemetry\opentelemetry-sdk\1.19.0\opentelemetry-sdk-1.19.0.jar;C:\Users\Sarkerm.rashid\.m2\repository\io\opentelemetry\opentelemetry-semconv\1.19.0-alpha\opentelemetry-semconv-1.19.0-alpha.jar;C:\Users\Sarkerm.rashid\.m2\repository\io\ous\jtoml\2.0.0\jtoml-2.0.0.jar;C:\Users\Sarkerm.rashid\.m2\repository\net\bytebuddy\byte-buddy\1.12.18\byte-buddy-1.12.18.jar;C:\Users\Sarkerm.rashid\.m2\repository\org\apache\commons\commons-exec\1.3\commons-exec-1.3.jar;C:\Users\Sarkerm.rashid\.m2\repository\org\asynchttpclient\async-http-client\2.12.3\async-http-client-2.12.3.jar;C:\Users\Sarkerm.rashid\.m2\repository\org\asynchttpclient\async-http-client-netty-utils\2.12.3\async-http-client-netty-utils-2.12.3.jar;C:\Users\Sarkerm.rashid\.m2\repository\io\netty\netty-codec-socks\4.1.60.Final\netty-codec-socks-4.1.60.Final.jar;C:\Users\Sarkerm.rashid\.m2\repository\io\netty\netty-handler-proxy\4.1.60.Final\netty-handler-proxy-4.1.60.Final.jar;C:\Users\Sarkerm.rashid\.m2\repository\io\netty\netty-transport-native-epoll\4.1.60.Final\netty-transport-native-epoll-4.1.60.Final-linux-x86_64.jar;C:\Users\Sarkerm.rashid\.m2\repository\io\netty\netty-transport-native-kqueue\4.1.60.Final\netty-transport-native-kqueue-4.1.60.Final-osx-x86_64.jar;C:\Users\Sarkerm.rashid\.m2\repository\com\typesafe\netty\netty-reactive-streams\2.0.4\netty-reactive-streams-2.0.4.jar;C:\Users\Sarkerm.rashid\.m2\repository\com\sun\activation\jakarta.activation\1.2.2\jakarta.activation-1.2.2.jar;C:\Users\Sarkerm.rashid\.m2\repository\org\seleniumhq\selenium\selenium-manager\4.7.1\selenium-manager-4.7.1.jar;C:\Users\Sarkerm.rashid\.m2\repository\org\seleniumhq\selenium\selenium-safari-driver\4.7.1\selenium-safari-driver-4.7.1.jar;C:\Users\Sarkerm.rashid\.m2\repository\org\seleniumhq\selenium\selenium-support\4.7.1\selenium-support-4.7.1.jar;C:\Users\Sarkerm.rashid\.m2\repository\org\apache\poi\poi\5.2.2\poi-5.2.2.jar;C:\Users\Sarkerm.rashid\.m2\repository\commons-codec\commons-codec\1.15\commons-codec-1.15.jar;C:\Users\Sarkerm.rashid\.m2\repository\org\apache\commons\commons-collections4\4.4\commons-collections4-4.4.jar;C:\Users\Sarkerm.rashid\.m2\repository\org\apache\commons\commons-math3\3.6.1\commons-math3-3.6.1.jar;C:\Users\Sarkerm.rashid\.m2\repository\com\zaxxer\SparseBitSet\1.2\SparseBitSet-1.2.jar;C:\Users\Sarkerm.rashid\.m2\repository\org\apache\logging\log4j\log4j-api\2.17.2\log4j-api-2.17.2.jar;C:\Users\Sarkerm.rashid\.m2\repository\org\apache\poi\poi-ooxml\5.2.2\poi-ooxml-5.2.2.jar;C:\Users\Sarkerm.rashid\.m2\repository\org\apache\poi\poi-ooxml-lite\5.2.2\poi-ooxml-lite-5.2.2.jar;C:\Users\Sarkerm.rashid\.m2\repository\org\apache\xmlbeans\xmlbeans\5.0.3\xmlbeans-5.0.3.jar;C:\Users\Sarkerm.rashid\.m2\repository\org\apache\commons\commons-compress\1.21\commons-compress-1.21.jar;C:\Users\Sarkerm.rashid\.m2\repository\com\github\virtuald\curvesapi\1.07\curvesapi-1.07.jar;C:\Users\Sarkerm.rashid\.m2\repository\com\aventstack\extentreports\5.0.9\extentreports-5.0.9.jar;C:\Users\Sarkerm.rashid\.m2\repository\io\reactivex\rxjava3\rxjava\3.0.4\rxjava-3.0.4.jar;C:\Users\Sarkerm.rashid\.m2\repository\org\reactivestreams\reactive-streams\1.0.3\reactive-streams-1.0.3.jar;C:\Users\Sarkerm.rashid\.m2\repository\org\freemarker\freemarker\2.3.30\freemarker-2.3.30.jar;C:\Users\Sarkerm.rashid\.m2\repository\org\projectlombok\lombok\1.18.12\lombok-1.18.12.jar;C:\Users\Sarkerm.rashid\.m2\repository\com\google\code\gson\gson\2.8.6\gson-2.8.6.jar;C:\Users\Sarkerm.rashid\.m2\repository\org\apache\commons\commons-lang3\3.12.0\commons-lang3-3.12.0.jar;C:\Users\Sarkerm.rashid\.m2\repository\commons-io\commons-io\2.11.0\commons-io-2.11.0.jar;C:\Users\Sarkerm.rashid\.m2\repository\io\cucumber\cucumber-core\7.10.1\cucumber-core-7.10.1.jar;C:\Users\Sarkerm.rashid\.m2\repository\io\cucumber\cucumber-gherkin-messages\7.10.1\cucumber-gherkin-messages-7.10.1.jar;C:\Users\Sarkerm.rashid\.m2\repository\io\cucumber\tag-expressions\4.1.0\tag-expressions-4.1.0.jar;C:\Users\Sarkerm.rashid\.m2\repository\io\cucumber\cucumber-expressions\16.1.1\cucumber-expressions-16.1.1.jar;C:\Users\Sarkerm.rashid\.m2\repository\io\cucumber\datatable\7.10.1\datatable-7.10.1.jar;C:\Users\Sarkerm.rashid\.m2\repository\io\cucumber\cucumber-plugin\7.10.1\cucumber-plugin-7.10.1.jar;C:\Users\Sarkerm.rashid\.m2\repository\io\cucumber\docstring\7.10.1\docstring-7.10.1.jar;C:\Users\Sarkerm.rashid\.m2\repository\io\cucumber\html-formatter\20.2.0\html-formatter-20.2.0.jar;C:\Users\Sarkerm.rashid\.m2\repository\io\cucumber\ci-environment\9.1.0\ci-environment-9.1.0.jar;C:\Users\Sarkerm.rashid\.m2\repository\org\apiguardian\apiguardian-api\1.1.2\apiguardian-api-1.1.2.jar;C:\Users\Sarkerm.rashid\.m2\repository\io\cucumber\cucumber-java\7.10.1\cucumber-java-7.10.1.jar;C:\Users\Sarkerm.rashid\.m2\repository\io\cucumber\cucumber-testng\7.10.1\cucumber-testng-7.10.1.jar;C:\Users\Sarkerm.rashid\.m2\repository\io\github\bonigarcia\webdrivermanager\5.3.1\webdrivermanager-5.3.1.jar;C:\Users\Sarkerm.rashid\.m2\repository\com\github\docker-java\docker-java\3.2.13\docker-java-3.2.13.jar;C:\Users\Sarkerm.rashid\.m2\repository\com\github\docker-java\docker-java-core\3.2.13\docker-java-core-3.2.13.jar;C:\Users\Sarkerm.rashid\.m2\repository\com\github\docker-java\docker-java-api\3.2.13\docker-java-api-3.2.13.jar;C:\Users\Sarkerm.rashid\.m2\repository\org\bouncycastle\bcpkix-jdk15on\1.64\bcpkix-jdk15on-1.64.jar;C:\Users\Sarkerm.rashid\.m2\repository\org\bouncycastle\bcprov-jdk15on\1.64\bcprov-jdk15on-1.64.jar;C:\Users\Sarkerm.rashid\.m2\repository\org\slf4j\jcl-over-slf4j\1.7.30\jcl-over-slf4j-1.7.30.jar;C:\Users\Sarkerm.rashid\.m2\repository\com\github\docker-java\docker-java-transport-httpclient5\3.2.13\docker-java-transport-httpclient5-3.2.13.jar;C:\Users\Sarkerm.rashid\.m2\repository\com\github\docker-java\docker-java-transport\3.2.13\docker-java-transport-3.2.13.jar;C:\Users\Sarkerm.rashid\.m2\repository\net\java\dev\jna\jna\5.8.0\jna-5.8.0.jar;C:\Users\Sarkerm.rashid\.m2\repository\org\brotli\dec\0.1.2\dec-0.1.2.jar;C:\Users\Sarkerm.rashid\.m2\repository\org\apache\httpcomponents\client5\httpclient5\5.1.3\httpclient5-5.1.3.jar;C:\Users\Sarkerm.rashid\.m2\repository\org\apache\httpcomponents\core5\httpcore5\5.1.3\httpcore5-5.1.3.jar;C:\Users\Sarkerm.rashid\.m2\repository\org\apache\httpcomponents\core5\httpcore5-h2\5.1.3\httpcore5-h2-5.1.3.jar;C:\Users\Sarkerm.rashid\.m2\repository\junit\junit\4.13.2\junit-4.13.2.jar;C:\Users\Sarkerm.rashid\.m2\repository\org\hamcrest\hamcrest-core\1.3\hamcrest-core-1.3.jar;C:\Users\Sarkerm.rashid\.m2\repository\io\cucumber\cucumber-html\0.2.7\cucumber-html-0.2.7.jar;C:\Users\Sarkerm.rashid\.m2\repository\io\cucumber\cucumber-junit\7.10.1\cucumber-junit-7.10.1.jar;C:\Users\Sarkerm.rashid\.m2\repository\org\mockito\mockito-all\1.10.19\mockito-all-1.10.19.jar;C:\Users\Sarkerm.rashid\.m2\repository\io\cucumber\cucumber-gherkin\7.10.1\cucumber-gherkin-7.10.1.jar;C:\Users\Sarkerm.rashid\.m2\repository\io\cucumber\cucumber-picocontainer\7.10.1\cucumber-picocontainer-7.10.1.jar;C:\Users\Sarkerm.rashid\.m2\repository\org\picocontainer\picocontainer\2.15\picocontainer-2.15.jar;C:\Users\Sarkerm.rashid\.m2\repository\org\testng\testng\7.7.0\testng-7.7.0.jar;C:\Users\Sarkerm.rashid\.m2\repository\com\beust\jcommander\1.82\jcommander-1.82.jar;C:\Users\Sarkerm.rashid\.m2\repository\org\webjars\jquery\3.6.1\jquery-3.6.1.jar;C:\Users\Sarkerm.rashid\.m2\repository\net\masterthought\maven-cucumber-reporting\5.7.1\maven-cucumber-reporting-5.7.1.jar;C:\Users\Sarkerm.rashid\.m2\repository\org\apache\maven\maven-plugin-api\3.8.6\maven-plugin-api-3.8.6.jar;C:\Users\Sarkerm.rashid\.m2\repository\org\apache\maven\maven-model\3.8.6\maven-model-3.8.6.jar;C:\Users\Sarkerm.rashid\.m2\repository\org\apache\maven\maven-artifact\3.8.6\maven-artifact-3.8.6.jar;C:\Users\Sarkerm.rashid\.m2\repository\org\eclipse\sisu\org.eclipse.sisu.plexus\0.3.5\org.eclipse.sisu.plexus-0.3.5.jar;C:\Users\Sarkerm.rashid\.m2\repository\javax\annotation\javax.annotation-api\1.2\javax.annotation-api-1.2.jar;C:\Users\Sarkerm.rashid\.m2\repository\org\eclipse\sisu\org.eclipse.sisu.inject\0.3.5\org.eclipse.sisu.inject-0.3.5.jar;C:\Users\Sarkerm.rashid\.m2\repository\org\codehaus\plexus\plexus-component-annotations\1.5.5\plexus-component-annotations-1.5.5.jar;C:\Users\Sarkerm.rashid\.m2\repository\org\codehaus\plexus\plexus-utils\3.3.1\plexus-utils-3.3.1.jar;C:\Users\Sarkerm.rashid\.m2\repository\org\codehaus\plexus\plexus-classworlds\2.6.0\plexus-classworlds-2.6.0.jar;C:\Users\Sarkerm.rashid\.m2\repository\net\masterthought\cucumber-reporting\5.7.2\cucumber-reporting-5.7.2.jar;C:\Users\Sarkerm.rashid\.m2\repository\com\fasterxml\jackson\core\jackson-databind\2.13.2.2\jackson-databind-2.13.2.2.jar;C:\Users\Sarkerm.rashid\.m2\repository\com\fasterxml\jackson\core\jackson-annotations\2.13.2\jackson-annotations-2.13.2.jar;C:\Users\Sarkerm.rashid\.m2\repository\com\fasterxml\jackson\core\jackson-core\2.13.2\jackson-core-2.13.2.jar;C:\Users\Sarkerm.rashid\.m2\repository\com\fasterxml\jackson\datatype\jackson-datatype-jsr310\2.13.2\jackson-datatype-jsr310-2.13.2.jar;C:\Users\Sarkerm.rashid\.m2\repository\org\apache\velocity\velocity-engine-core\2.3\velocity-engine-core-2.3.jar;C:\Users\Sarkerm.rashid\.m2\repository\commons-collections\commons-collections\3.2.2\commons-collections-3.2.2.jar;C:\Users\Sarkerm.rashid\.m2\repository\joda-time\joda-time\2.10.14\joda-time-2.10.14.jar;C:\Users\Sarkerm.rashid\.m2\repository\org\jsoup\jsoup\1.15.1\jsoup-1.15.1.jar;C:\Users\Sarkerm.rashid\.m2\repository\com\googlecode\owasp-java-html-sanitizer\owasp-java-html-sanitizer\20211018.2\owasp-java-html-sanitizer-20211018.2.jar;C:\Users\Sarkerm.rashid\.m2\repository\commons-configuration\commons-configuration\1.10\commons-configuration-1.10.jar;C:\Users\Sarkerm.rashid\.m2\repository\commons-lang\commons-lang\2.6\commons-lang-2.6.jar;C:\Users\Sarkerm.rashid\.m2\repository\commons-logging\commons-logging\1.1.1\commons-logging-1.1.1.jar;C:\Users\Sarkerm.rashid\.m2\repository\com\deque\axe-selenium\3.0\axe-selenium-3.0.jar;C:\Users\Sarkerm.rashid\.m2\repository\org\json\json\20160212\json-20160212.jar;C:\Users\Sarkerm.rashid\.m2\repository\org\slf4j\slf4j-api\2.0.0-alpha0\slf4j-api-2.0.0-alpha0.jar;C:\Users\Sarkerm.rashid\.m2\repository\io\qameta\allure\allure-testng\2.20.1\allure-testng-2.20.1.jar;C:\Users\Sarkerm.rashid\.m2\repository\io\qameta\allure\allure-java-commons\2.20.1\allure-java-commons-2.20.1.jar;C:\Users\Sarkerm.rashid\.m2\repository\io\qameta\allure\allure-model\2.20.1\allure-model-2.20.1.jar;C:\Users\Sarkerm.rashid\.m2\repository\io\qameta\allure\allure-test-filter\2.20.1\allure-test-filter-2.20.1.jar;"/>
    <property name="sun.cpu.endian" value="little"/>
    <property name="user.home" value="C:\Users\Sarkerm.rashid"/>
    <property name="user.language" value="en"/>
    <property name="java.specification.vendor" value="Oracle Corporation"/>
    <property name="java.version.date" value="2022-10-18"/>
    <property name="java.home" value="C:\Program Files\Java\jdk-11.0.17"/>
    <property name="file.separator" value="\"/>
    <property name="basedir" value="C:\Users\Sarkerm.rashid\IdeaProjects\accessibility-test"/>
    <property name="java.vm.compressedOopsMode" value="Zero based"/>
    <property name="line.separator" value="&#10;"/>
    <property name="java.specification.name" value="Java Platform API Specification"/>
    <property name="java.vm.specification.vendor" value="Oracle Corporation"/>
    <property name="java.awt.graphicsenv" value="sun.awt.Win32GraphicsEnvironment"/>
    <property name="surefire.real.class.path" value="C:\Users\Sarkerm.rashid\AppData\Local\Temp\surefire2304366996561431482\surefirebooter1264329212086764829.jar"/>
    <property name="user.script" value=""/>
    <property name="sun.management.compiler" value="HotSpot 64-Bit Tiered Compilers"/>
    <property name="java.runtime.version" value="11.0.17+10-LTS-269"/>
    <property name="user.name" value="sarkerm.rashid"/>
    <property name="path.separator" value=";"/>
    <property name="os.version" value="10.0"/>
    <property name="java.runtime.name" value="Java(TM) SE Runtime Environment"/>
    <property name="file.encoding" value="Cp1252"/>
    <property name="java.vm.name" value="Java HotSpot(TM) 64-Bit Server VM"/>
    <property name="java.vendor.version" value="18.9"/>
    <property name="localRepository" value="C:\Users\Sarkerm.rashid\.m2\repository"/>
    <property name="java.vendor.url.bug" value="https://bugreport.java.com/bugreport/"/>
    <property name="java.io.tmpdir" value="C:\Users\SARKER~1.RAS\AppData\Local\Temp\"/>
    <property name="java.version" value="11.0.17"/>
    <property name="user.dir" value="C:\Users\Sarkerm.rashid\IdeaProjects\accessibility-test"/>
    <property name="os.arch" value="amd64"/>
    <property name="java.vm.specification.name" value="Java Virtual Machine Specification"/>
    <property name="java.awt.printerjob" value="sun.awt.windows.WPrinterJob"/>
    <property name="sun.os.patch.level" value=""/>
    <property name="java.library.path" value="C:\Program Files\Java\jdk-11.0.17\bin;C:\windows\Sun\Java\bin;C:\windows\system32;C:\windows;C:\Program Files\Common Files\Oracle\Java\javapath;C:\windows\system32;C:\windows;C:\windows\System32\Wbem;C:\windows\System32\WindowsPowerShell\v1.0\;C:\windows\System32\OpenSSH\;C:\Program Files\Intel\WiFi\bin\;C:\Program Files\Common Files\Intel\WirelessCommon\;C:\Program Files\Git\cmd;C:\Program Files\apache-maven-3.6.3\bin;C:\Users\Sarkerm.rashid\OneDrive - Perficient, Inc\Desktop\New folder\apache-maven-3.6.3-bin.zip\apache-maven-3.6.3\bin;C:\Program Files (x86)\Pulse Secure\VC142.CRT\X64\;C:\Program Files (x86)\Pulse Secure\VC142.CRT\X86\;C:\Program Files (x86)\Common Files\Pulse Secure\TNC Client Plugin\;C:\Program Files\Java\jdk-11.0.17\bin;C:\Users\Sarkerm.rashid\allure-2.10.0\bin;C:\Users\Sarkerm.rashid\AppData\Local\Microsoft\WindowsApps;C:\Program Files\JetBrains\IntelliJ IDEA Community Edition 2020.3.2\bin;;C:\Users\Sarkerm.rashid\AppData\Local\Programs\Microsoft VS Code\bin;C:\Program Files\Java\jdk-11.0.17\bin;C:\Program Files\apache-maven-3.6.3\bin;;."/>
    <property name="java.vendor" value="Oracle Corporation"/>
    <property name="java.vm.info" value="mixed mode"/>
    <property name="java.vm.version" value="11.0.17+10-LTS-269"/>
    <property name="sun.io.unicode.encoding" value="UnicodeLittle"/>
    <property name="java.class.version" value="55.0"/>
  </properties>
  <testcase name="runScenario[&quot;Accessibility report&quot;, &quot;Demo Testing&quot;](1)" classname="com.perficient.accessibilitytest.runnertest.RunnerTest" time="27.735">
    <failure message="Found 7 accessibility violations:&#10;1) Elements must have sufficient color contrast: https://dequeuniversity.com/rules/axe/3.1/color-contrast?application=axeAPI&#10;  a) [&quot;#MainNavItem_0 &gt; h2 &gt; a&quot;]&#10;    Fix any of the following:&#10;      Element has insufficient color contrast of 2.14 (foreground color: #ffffff, background color: #ff9900, font size: 13.5pt, font weight: normal). Expected contrast ratio of 4.5:1&#10;&#10;&#10;  b) [&quot;#ns_Z7_QB0003002GB790ASJIA2V910I0_\\:health_tab_link &gt; a&quot;]&#10;    Fix any of the following:&#10;      Element has insufficient color contrast of 3.02 (foreground color: #3399ee, background color: #ffffff, font size: 10.5pt, font weight: bold). Expected contrast ratio of 4.5:1&#10;&#10;&#10;  c) [&quot;#ns_Z7_QB0003002GB790ASJIA2V910I0_\\:dental_tab_link &gt; a&quot;]&#10;    Fix any of the following:&#10;      Element has insufficient color contrast of 2.23 (foreground color: #3399ee, background color: #dddddd, font size: 10.5pt, font weight: bold). Expected contrast ratio of 4.5:1&#10;&#10;&#10;  d) [&quot;#ns_Z7_QB0003002GB790ASJIA2V910I0_\\:health_tab_div &gt; .familymember[href=\&quot;#\&quot;]:nth-child(2) &gt; .access.no-access&quot;]&#10;    Fix any of the following:&#10;      Element has insufficient color contrast of 3.99 (foreground color: #ff0000, background color: #ffffff, font size: 8.3pt, font weight: normal). Expected contrast ratio of 4.5:1&#10;&#10;&#10;  e) [&quot;#ns_Z7_QB0003002GB790ASJIA2V91026_healthTitle &gt; .title&quot;]&#10;    Fix any of the following:&#10;      Element has insufficient color contrast of 3.02 (foreground color: #3399ee, background color: #ffffff, font size: 10.5pt, font weight: bold). Expected contrast ratio of 4.5:1&#10;&#10;&#10;  f) [&quot;.health_claims &gt; .title&quot;]&#10;    Fix any of the following:&#10;      Element has insufficient color contrast of 3.02 (foreground color: #3399ee, background color: #ffffff, font size: 10.5pt, font weight: bold). Expected contrast ratio of 4.5:1&#10;&#10;&#10;  g) [&quot;#ns_Z7_QB0003002GB790ASJIA2V910S5_\\:claimSection &gt; .page-section &gt; .sm-datatable &gt; tbody &gt; tr:nth-child(2) &gt; td:nth-child(1) &gt; a &gt; .calbox &gt; .calbox-month&quot;]&#10;    Fix any of the following:&#10;      Element has insufficient color contrast of 3.02 (foreground color: #ffffff, background color: #3399ee, font size: 8.3pt, font weight: bold). Expected contrast ratio of 4.5:1&#10;&#10;&#10;  h) [&quot;#ns_Z7_QB0003002GB790ASJIA2V910S5_\\:claimSection &gt; .page-section &gt; .sm-datatable &gt; tbody &gt; tr:nth-child(2) &gt; td:nth-child(1) &gt; a &gt; .calbox &gt; .calbox-month &gt; span&quot;]&#10;    Fix any of the following:&#10;      Element has insufficient color contrast of 3.02 (foreground color: #ffffff, background color: #3399ee, font size: 8.3pt, font weight: bold). Expected contrast ratio of 4.5:1&#10;&#10;&#10;  i) [&quot;#ns_Z7_QB0003002GB790ASJIA2V910S5_\\:claimSection &gt; .page-section &gt; .sm-datatable &gt; tbody &gt; tr:nth-child(2) &gt; td:nth-child(1) &gt; a &gt; .calbox &gt; .calbox-day&quot;]&#10;    Fix any of the following:&#10;      Element has insufficient color contrast of 2.72 (foreground color: #2288dd, background color: #ccddff, font size: 12.0pt, font weight: bold). Expected contrast ratio of 4.5:1&#10;&#10;&#10;  j) [&quot;#ns_Z7_QB0003002GB790ASJIA2V910S5_\\:claimSection &gt; .page-section &gt; .sm-datatable &gt; tbody &gt; tr:nth-child(3) &gt; td:nth-child(1) &gt; a &gt; .calbox &gt; .calbox-month&quot;]&#10;    Fix any of the following:&#10;      Element has insufficient color contrast of 3.02 (foreground color: #ffffff, background color: #3399ee, font size: 8.3pt, font weight: bold). Expected contrast ratio of 4.5:1&#10;&#10;&#10;  k) [&quot;#ns_Z7_QB0003002GB790ASJIA2V910S5_\\:claimSection &gt; .page-section &gt; .sm-datatable &gt; tbody &gt; tr:nth-child(3) &gt; td:nth-child(1) &gt; a &gt; .calbox &gt; .calbox-month &gt; span&quot;]&#10;    Fix any of the following:&#10;      Element has insufficient color contrast of 3.02 (foreground color: #ffffff, background color: #3399ee, font size: 8.3pt, font weight: bold). Expected contrast ratio of 4.5:1&#10;&#10;&#10;  l) [&quot;#ns_Z7_QB0003002GB790ASJIA2V910S5_\\:claimSection &gt; .page-section &gt; .sm-datatable &gt; tbody &gt; tr:nth-child(3) &gt; td:nth-child(1) &gt; a &gt; .calbox &gt; .calbox-day&quot;]&#10;    Fix any of the following:&#10;      Element has insufficient color contrast of 2.72 (foreground color: #2288dd, background color: #ccddff, font size: 12.0pt, font weight: bold). Expected contrast ratio of 4.5:1&#10;&#10;&#10;  m) [&quot;#ns_Z7_QB0003002GB790ASJIA2V910S5_\\:claimSection &gt; .page-section &gt; .sm-datatable &gt; tbody &gt; tr:nth-child(4) &gt; td:nth-child(1) &gt; a &gt; .calbox &gt; .calbox-month&quot;]&#10;    Fix any of the following:&#10;      Element has insufficient color contrast of 3.02 (foreground color: #ffffff, background color: #3399ee, font size: 8.3pt, font weight: bold). Expected contrast ratio of 4.5:1&#10;&#10;&#10;  n) [&quot;#ns_Z7_QB0003002GB790ASJIA2V910S5_\\:claimSection &gt; .page-section &gt; .sm-datatable &gt; tbody &gt; tr:nth-child(4) &gt; td:nth-child(1) &gt; a &gt; .calbox &gt; .calbox-month &gt; span&quot;]&#10;    Fix any of the following:&#10;      Element has insufficient color contrast of 3.02 (foreground color: #ffffff, background color: #3399ee, font size: 8.3pt, font weight: bold). Expected contrast ratio of 4.5:1&#10;&#10;&#10;  o) [&quot;#ns_Z7_QB0003002GB790ASJIA2V910S5_\\:claimSection &gt; .page-section &gt; .sm-datatable &gt; tbody &gt; tr:nth-child(4) &gt; td:nth-child(1) &gt; a &gt; .calbox &gt; .calbox-day&quot;]&#10;    Fix any of the following:&#10;      Element has insufficient color contrast of 2.72 (foreground color: #2288dd, background color: #ccddff, font size: 12.0pt, font weight: bold). Expected contrast ratio of 4.5:1&#10;&#10;&#10;  p) [&quot;.dental_claims &gt; .title&quot;]&#10;    Fix any of the following:&#10;      Element has insufficient color contrast of 3.02 (foreground color: #3399ee, background color: #ffffff, font size: 10.5pt, font weight: bold). Expected contrast ratio of 4.5:1&#10;&#10;&#10;  q) [&quot;#ns_Z7_QB0003002GB790ASJIA2V910S7_\\:claimSection &gt; .page-section &gt; .sm-datatable &gt; tbody &gt; tr:nth-child(2) &gt; td:nth-child(1) &gt; a &gt; .calbox &gt; .calbox-month&quot;]&#10;    Fix any of the following:&#10;      Element has insufficient color contrast of 3.02 (foreground color: #ffffff, background color: #3399ee, font size: 8.3pt, font weight: bold). Expected contrast ratio of 4.5:1&#10;&#10;&#10;  r) [&quot;#ns_Z7_QB0003002GB790ASJIA2V910S7_\\:claimSection &gt; .page-section &gt; .sm-datatable &gt; tbody &gt; tr:nth-child(2) &gt; td:nth-child(1) &gt; a &gt; .calbox &gt; .calbox-month &gt; span&quot;]&#10;    Fix any of the following:&#10;      Element has insufficient color contrast of 3.02 (foreground color: #ffffff, background color: #3399ee, font size: 8.3pt, font weight: bold). Expected contrast ratio of 4.5:1&#10;&#10;&#10;  s) [&quot;#ns_Z7_QB0003002GB790ASJIA2V910S7_\\:claimSection &gt; .page-section &gt; .sm-datatable &gt; tbody &gt; tr:nth-child(2) &gt; td:nth-child(1) &gt; a &gt; .calbox &gt; .calbox-day&quot;]&#10;    Fix any of the following:&#10;      Element has insufficient color contrast of 2.72 (foreground color: #2288dd, background color: #ccddff, font size: 12.0pt, font weight: bold). Expected contrast ratio of 4.5:1&#10;&#10;&#10;  t) [&quot;#ns_Z7_QB0003002GB790ASJIA2V910S7_\\:claimSection &gt; .page-section &gt; .sm-datatable &gt; tbody &gt; tr:nth-child(3) &gt; td:nth-child(1) &gt; a &gt; .calbox &gt; .calbox-month&quot;]&#10;    Fix any of the following:&#10;      Element has insufficient color contrast of 3.02 (foreground color: #ffffff, background color: #3399ee, font size: 8.3pt, font weight: bold). Expected contrast ratio of 4.5:1&#10;&#10;&#10;  u) [&quot;#ns_Z7_QB0003002GB790ASJIA2V910S7_\\:claimSection &gt; .page-section &gt; .sm-datatable &gt; tbody &gt; tr:nth-child(3) &gt; td:nth-child(1) &gt; a &gt; .calbox &gt; .calbox-month &gt; span&quot;]&#10;    Fix any of the following:&#10;      Element has insufficient color contrast of 3.02 (foreground color: #ffffff, background color: #3399ee, font size: 8.3pt, font weight: bold). Expected contrast ratio of 4.5:1&#10;&#10;&#10;  v) [&quot;#ns_Z7_QB0003002GB790ASJIA2V910S7_\\:claimSection &gt; .page-section &gt; .sm-datatable &gt; tbody &gt; tr:nth-child(3) &gt; td:nth-child(1) &gt; a &gt; .calbox &gt; .calbox-day&quot;]&#10;    Fix any of the following:&#10;      Element has insufficient color contrast of 2.72 (foreground color: #2288dd, background color: #ccddff, font size: 12.0pt, font weight: bold). Expected contrast ratio of 4.5:1&#10;&#10;&#10;  w) [&quot;#ns_Z7_QB0003002GB790ASJIA2V910S7_\\:claimSection &gt; .page-section &gt; .sm-datatable &gt; tbody &gt; tr:nth-child(4) &gt; td:nth-child(1) &gt; a &gt; .calbox &gt; .calbox-month&quot;]&#10;    Fix any of the following:&#10;      Element has insufficient color contrast of 3.02 (foreground color: #ffffff, background color: #3399ee, font size: 8.3pt, font weight: bold). Expected contrast ratio of 4.5:1&#10;&#10;&#10;  x) [&quot;#ns_Z7_QB0003002GB790ASJIA2V910S7_\\:claimSection &gt; .page-section &gt; .sm-datatable &gt; tbody &gt; tr:nth-child(4) &gt; td:nth-child(1) &gt; a &gt; .calbox &gt; .calbox-month &gt; span&quot;]&#10;    Fix any of the following:&#10;      Element has insufficient color contrast of 3.02 (foreground color: #ffffff, background color: #3399ee, font size: 8.3pt, font weight: bold). Expected contrast ratio of 4.5:1&#10;&#10;&#10;  y) [&quot;#ns_Z7_QB0003002GB790ASJIA2V910S7_\\:claimSection &gt; .page-section &gt; .sm-datatable &gt; tbody &gt; tr:nth-child(4) &gt; td:nth-child(1) &gt; a &gt; .calbox &gt; .calbox-day&quot;]&#10;    Fix any of the following:&#10;      Element has insufficient color contrast of 2.72 (foreground color: #2288dd, background color: #ccddff, font size: 12.0pt, font weight: bold). Expected contrast ratio of 4.5:1&#10;&#10;&#10;2) id attribute value must be unique: https://dequeuniversity.com/rules/axe/3.1/duplicate-id?application=axeAPI&#10;  a) [&quot;.id-Z7_7P9A1HC0OGMD40Q4OKLNDN00Q5 &gt; .ibmPortalControl.wpthemeControl.wpthemeHidden &gt; .wpthemeControlHeader[role=\&quot;banner\&quot;] &gt; .wpthemeInner &gt; .contextMenuInSkinIcon.wpthemeIcon.wpthemeMenuFocus &gt; .wpthemeMenu[data-positioning-handler=\&quot;horizontallyCenteredBelow\&quot;] &gt; .wpthemeAnchorSubmenu.wpthemeTemplateSubmenu &gt; .wpthemeMenuSubmenu.wpthemeMenuBorder &gt; .wpthemeMenuDropDown[role=\&quot;menu\&quot;]&quot;]&#10;    Fix any of the following:&#10;      Document has multiple static elements with the same id attribute&#10;&#10;&#10;3) Headings must not be empty: https://dequeuniversity.com/rules/axe/3.1/empty-heading?application=axeAPI&#10;  a) [&quot;#Poster-Secure-1 &gt; h2&quot;]&#10;    Fix any of the following:&#10;      Element does not have text that is visible to screen readers&#10;&#10;&#10;  b) [&quot;#Poster-Secure-2 &gt; h2&quot;]&#10;    Fix any of the following:&#10;      Element does not have text that is visible to screen readers&#10;&#10;&#10;  c) [&quot;#Poster-Secure-3 &gt; h2&quot;]&#10;    Fix any of the following:&#10;      Element does not have text that is visible to screen readers&#10;&#10;&#10;  d) [&quot;#Poster-Secure-4 &gt; h2&quot;]&#10;    Fix any of the following:&#10;      Element does not have text that is visible to screen readers&#10;&#10;&#10;4) Page must not have more than one banner landmark: https://dequeuniversity.com/rules/axe/3.1/landmark-no-duplicate-banner?application=axeAPI&#10;  a) [&quot;html&quot;]&#10;    Fix any of the following:&#10;      Document has more than one banner landmark&#10;&#10;&#10;5) Links must have discernible text: https://dequeuniversity.com/rules/axe/3.1/link-name?application=axeAPI&#10;  a) [&quot;#Poster-15dd8220-1c54-40ac-8a0b-e69e27ef10fd&quot;]&#10;    Fix all of the following:&#10;      Element is in tab order and does not have accessible text&#10;&#10;    Fix any of the following:&#10;      Element does not have text that is visible to screen readers&#10;      aria-label attribute does not exist or is empty&#10;      aria-labelledby attribute does not exist, references elements that do not exist or references elements that are empty&#10;      Element&apos;s default semantics were not overridden with role=&quot;presentation&quot;&#10;      Element&apos;s default semantics were not overridden with role=&quot;none&quot;&#10;&#10;&#10;6) &lt;ul&gt; and &lt;ol&gt; must only directly contain &lt;li&gt;, &lt;script&gt; or &lt;template&gt; elements: https://dequeuniversity.com/rules/axe/3.1/list?application=axeAPI&#10;  a) [&quot;nav &gt; ul&quot;]&#10;    Fix all of the following:&#10;      List element has direct children that are not allowed inside &lt;li&gt; elements&#10;&#10;&#10;7) All page content must be contained by landmarks: https://dequeuniversity.com/rules/axe/3.1/region?application=axeAPI&#10;  a) [&quot;html&quot;]&#10;    Fix any of the following:&#10;      Some page content is not contained by landmarks&#10;&#10;" type="java.lang.AssertionError"><![CDATA[java.lang.AssertionError: 
Found 7 accessibility violations:
1) Elements must have sufficient color contrast: https://dequeuniversity.com/rules/axe/3.1/color-contrast?application=axeAPI
  a) ["#MainNavItem_0 > h2 > a"]
    Fix any of the following:
      Element has insufficient color contrast of 2.14 (foreground color: #ffffff, background color: #ff9900, font size: 13.5pt, font weight: normal). Expected contrast ratio of 4.5:1


  b) ["#ns_Z7_QB0003002GB790ASJIA2V910I0_\\:health_tab_link > a"]
    Fix any of the following:
      Element has insufficient color contrast of 3.02 (foreground color: #3399ee, background color: #ffffff, font size: 10.5pt, font weight: bold). Expected contrast ratio of 4.5:1


  c) ["#ns_Z7_QB0003002GB790ASJIA2V910I0_\\:dental_tab_link > a"]
    Fix any of the following:
      Element has insufficient color contrast of 2.23 (foreground color: #3399ee, background color: #dddddd, font size: 10.5pt, font weight: bold). Expected contrast ratio of 4.5:1


  d) ["#ns_Z7_QB0003002GB790ASJIA2V910I0_\\:health_tab_div > .familymember[href=\"#\"]:nth-child(2) > .access.no-access"]
    Fix any of the following:
      Element has insufficient color contrast of 3.99 (foreground color: #ff0000, background color: #ffffff, font size: 8.3pt, font weight: normal). Expected contrast ratio of 4.5:1


  e) ["#ns_Z7_QB0003002GB790ASJIA2V91026_healthTitle > .title"]
    Fix any of the following:
      Element has insufficient color contrast of 3.02 (foreground color: #3399ee, background color: #ffffff, font size: 10.5pt, font weight: bold). Expected contrast ratio of 4.5:1


  f) [".health_claims > .title"]
    Fix any of the following:
      Element has insufficient color contrast of 3.02 (foreground color: #3399ee, background color: #ffffff, font size: 10.5pt, font weight: bold). Expected contrast ratio of 4.5:1


  g) ["#ns_Z7_QB0003002GB790ASJIA2V910S5_\\:claimSection > .page-section > .sm-datatable > tbody > tr:nth-child(2) > td:nth-child(1) > a > .calbox > .calbox-month"]
    Fix any of the following:
      Element has insufficient color contrast of 3.02 (foreground color: #ffffff, background color: #3399ee, font size: 8.3pt, font weight: bold). Expected contrast ratio of 4.5:1


  h) ["#ns_Z7_QB0003002GB790ASJIA2V910S5_\\:claimSection > .page-section > .sm-datatable > tbody > tr:nth-child(2) > td:nth-child(1) > a > .calbox > .calbox-month > span"]
    Fix any of the following:
      Element has insufficient color contrast of 3.02 (foreground color: #ffffff, background color: #3399ee, font size: 8.3pt, font weight: bold). Expected contrast ratio of 4.5:1


  i) ["#ns_Z7_QB0003002GB790ASJIA2V910S5_\\:claimSection > .page-section > .sm-datatable > tbody > tr:nth-child(2) > td:nth-child(1) > a > .calbox > .calbox-day"]
    Fix any of the following:
      Element has insufficient color contrast of 2.72 (foreground color: #2288dd, background color: #ccddff, font size: 12.0pt, font weight: bold). Expected contrast ratio of 4.5:1


  j) ["#ns_Z7_QB0003002GB790ASJIA2V910S5_\\:claimSection > .page-section > .sm-datatable > tbody > tr:nth-child(3) > td:nth-child(1) > a > .calbox > .calbox-month"]
    Fix any of the following:
      Element has insufficient color contrast of 3.02 (foreground color: #ffffff, background color: #3399ee, font size: 8.3pt, font weight: bold). Expected contrast ratio of 4.5:1


  k) ["#ns_Z7_QB0003002GB790ASJIA2V910S5_\\:claimSection > .page-section > .sm-datatable > tbody > tr:nth-child(3) > td:nth-child(1) > a > .calbox > .calbox-month > span"]
    Fix any of the following:
      Element has insufficient color contrast of 3.02 (foreground color: #ffffff, background color: #3399ee, font size: 8.3pt, font weight: bold). Expected contrast ratio of 4.5:1


  l) ["#ns_Z7_QB0003002GB790ASJIA2V910S5_\\:claimSection > .page-section > .sm-datatable > tbody > tr:nth-child(3) > td:nth-child(1) > a > .calbox > .calbox-day"]
    Fix any of the following:
      Element has insufficient color contrast of 2.72 (foreground color: #2288dd, background color: #ccddff, font size: 12.0pt, font weight: bold). Expected contrast ratio of 4.5:1


  m) ["#ns_Z7_QB0003002GB790ASJIA2V910S5_\\:claimSection > .page-section > .sm-datatable > tbody > tr:nth-child(4) > td:nth-child(1) > a > .calbox > .calbox-month"]
    Fix any of the following:
      Element has insufficient color contrast of 3.02 (foreground color: #ffffff, background color: #3399ee, font size: 8.3pt, font weight: bold). Expected contrast ratio of 4.5:1


  n) ["#ns_Z7_QB0003002GB790ASJIA2V910S5_\\:claimSection > .page-section > .sm-datatable > tbody > tr:nth-child(4) > td:nth-child(1) > a > .calbox > .calbox-month > span"]
    Fix any of the following:
      Element has insufficient color contrast of 3.02 (foreground color: #ffffff, background color: #3399ee, font size: 8.3pt, font weight: bold). Expected contrast ratio of 4.5:1


  o) ["#ns_Z7_QB0003002GB790ASJIA2V910S5_\\:claimSection > .page-section > .sm-datatable > tbody > tr:nth-child(4) > td:nth-child(1) > a > .calbox > .calbox-day"]
    Fix any of the following:
      Element has insufficient color contrast of 2.72 (foreground color: #2288dd, background color: #ccddff, font size: 12.0pt, font weight: bold). Expected contrast ratio of 4.5:1


  p) [".dental_claims > .title"]
    Fix any of the following:
      Element has insufficient color contrast of 3.02 (foreground color: #3399ee, background color: #ffffff, font size: 10.5pt, font weight: bold). Expected contrast ratio of 4.5:1


  q) ["#ns_Z7_QB0003002GB790ASJIA2V910S7_\\:claimSection > .page-section > .sm-datatable > tbody > tr:nth-child(2) > td:nth-child(1) > a > .calbox > .calbox-month"]
    Fix any of the following:
      Element has insufficient color contrast of 3.02 (foreground color: #ffffff, background color: #3399ee, font size: 8.3pt, font weight: bold). Expected contrast ratio of 4.5:1


  r) ["#ns_Z7_QB0003002GB790ASJIA2V910S7_\\:claimSection > .page-section > .sm-datatable > tbody > tr:nth-child(2) > td:nth-child(1) > a > .calbox > .calbox-month > span"]
    Fix any of the following:
      Element has insufficient color contrast of 3.02 (foreground color: #ffffff, background color: #3399ee, font size: 8.3pt, font weight: bold). Expected contrast ratio of 4.5:1


  s) ["#ns_Z7_QB0003002GB790ASJIA2V910S7_\\:claimSection > .page-section > .sm-datatable > tbody > tr:nth-child(2) > td:nth-child(1) > a > .calbox > .calbox-day"]
    Fix any of the following:
      Element has insufficient color contrast of 2.72 (foreground color: #2288dd, background color: #ccddff, font size: 12.0pt, font weight: bold). Expected contrast ratio of 4.5:1


  t) ["#ns_Z7_QB0003002GB790ASJIA2V910S7_\\:claimSection > .page-section > .sm-datatable > tbody > tr:nth-child(3) > td:nth-child(1) > a > .calbox > .calbox-month"]
    Fix any of the following:
      Element has insufficient color contrast of 3.02 (foreground color: #ffffff, background color: #3399ee, font size: 8.3pt, font weight: bold). Expected contrast ratio of 4.5:1


  u) ["#ns_Z7_QB0003002GB790ASJIA2V910S7_\\:claimSection > .page-section > .sm-datatable > tbody > tr:nth-child(3) > td:nth-child(1) > a > .calbox > .calbox-month > span"]
    Fix any of the following:
      Element has insufficient color contrast of 3.02 (foreground color: #ffffff, background color: #3399ee, font size: 8.3pt, font weight: bold). Expected contrast ratio of 4.5:1


  v) ["#ns_Z7_QB0003002GB790ASJIA2V910S7_\\:claimSection > .page-section > .sm-datatable > tbody > tr:nth-child(3) > td:nth-child(1) > a > .calbox > .calbox-day"]
    Fix any of the following:
      Element has insufficient color contrast of 2.72 (foreground color: #2288dd, background color: #ccddff, font size: 12.0pt, font weight: bold). Expected contrast ratio of 4.5:1


  w) ["#ns_Z7_QB0003002GB790ASJIA2V910S7_\\:claimSection > .page-section > .sm-datatable > tbody > tr:nth-child(4) > td:nth-child(1) > a > .calbox > .calbox-month"]
    Fix any of the following:
      Element has insufficient color contrast of 3.02 (foreground color: #ffffff, background color: #3399ee, font size: 8.3pt, font weight: bold). Expected contrast ratio of 4.5:1


  x) ["#ns_Z7_QB0003002GB790ASJIA2V910S7_\\:claimSection > .page-section > .sm-datatable > tbody > tr:nth-child(4) > td:nth-child(1) > a > .calbox > .calbox-month > span"]
    Fix any of the following:
      Element has insufficient color contrast of 3.02 (foreground color: #ffffff, background color: #3399ee, font size: 8.3pt, font weight: bold). Expected contrast ratio of 4.5:1


  y) ["#ns_Z7_QB0003002GB790ASJIA2V910S7_\\:claimSection > .page-section > .sm-datatable > tbody > tr:nth-child(4) > td:nth-child(1) > a > .calbox > .calbox-day"]
    Fix any of the following:
      Element has insufficient color contrast of 2.72 (foreground color: #2288dd, background color: #ccddff, font size: 12.0pt, font weight: bold). Expected contrast ratio of 4.5:1


2) id attribute value must be unique: https://dequeuniversity.com/rules/axe/3.1/duplicate-id?application=axeAPI
  a) [".id-Z7_7P9A1HC0OGMD40Q4OKLNDN00Q5 > .ibmPortalControl.wpthemeControl.wpthemeHidden > .wpthemeControlHeader[role=\"banner\"] > .wpthemeInner > .contextMenuInSkinIcon.wpthemeIcon.wpthemeMenuFocus > .wpthemeMenu[data-positioning-handler=\"horizontallyCenteredBelow\"] > .wpthemeAnchorSubmenu.wpthemeTemplateSubmenu > .wpthemeMenuSubmenu.wpthemeMenuBorder > .wpthemeMenuDropDown[role=\"menu\"]"]
    Fix any of the following:
      Document has multiple static elements with the same id attribute


3) Headings must not be empty: https://dequeuniversity.com/rules/axe/3.1/empty-heading?application=axeAPI
  a) ["#Poster-Secure-1 > h2"]
    Fix any of the following:
      Element does not have text that is visible to screen readers


  b) ["#Poster-Secure-2 > h2"]
    Fix any of the following:
      Element does not have text that is visible to screen readers


  c) ["#Poster-Secure-3 > h2"]
    Fix any of the following:
      Element does not have text that is visible to screen readers


  d) ["#Poster-Secure-4 > h2"]
    Fix any of the following:
      Element does not have text that is visible to screen readers


4) Page must not have more than one banner landmark: https://dequeuniversity.com/rules/axe/3.1/landmark-no-duplicate-banner?application=axeAPI
  a) ["html"]
    Fix any of the following:
      Document has more than one banner landmark


5) Links must have discernible text: https://dequeuniversity.com/rules/axe/3.1/link-name?application=axeAPI
  a) ["#Poster-15dd8220-1c54-40ac-8a0b-e69e27ef10fd"]
    Fix all of the following:
      Element is in tab order and does not have accessible text

    Fix any of the following:
      Element does not have text that is visible to screen readers
      aria-label attribute does not exist or is empty
      aria-labelledby attribute does not exist, references elements that do not exist or references elements that are empty
      Element's default semantics were not overridden with role="presentation"
      Element's default semantics were not overridden with role="none"


6) <ul> and <ol> must only directly contain <li>, <script> or <template> elements: https://dequeuniversity.com/rules/axe/3.1/list?application=axeAPI
  a) ["nav > ul"]
    Fix all of the following:
      List element has direct children that are not allowed inside <li> elements


7) All page content must be contained by landmarks: https://dequeuniversity.com/rules/axe/3.1/region?application=axeAPI
  a) ["html"]
    Fix any of the following:
      Some page content is not contained by landmarks


]]></failure>
    <system-out><![CDATA[I am in login page
marketing
pass@01a
Violation num: 7
Screenshot has been attached with report
]]></system-out>
    <system-err><![CDATA[SLF4J: No SLF4J providers were found.
SLF4J: Defaulting to no-operation (NOP) logger implementation
SLF4J: See http://www.slf4j.org/codes.html#noProviders for further details.
ERROR StatusLogger Log4j2 could not find a logging implementation. Please add log4j-core to the classpath. Using SimpleLogger to log to the console...
Starting ChromeDriver 110.0.5481.77 (65ed616c6e8ee3fe0ad64fe83796c020644d42af-refs/branch-heads/5481@{#839}) on port 35259
Only local connections are allowed.
Please see https://chromedriver.chromium.org/security-considerations for suggestions on keeping ChromeDriver safe.
ChromeDriver was started successfully.
[1677277484.587][WARNING]: virtual void DevToolsClientImpl::AddListener(DevToolsEventListener *) subscribing a listener to the already connected DevToolsClient. Connection notification will not arrive.
Feb 24, 2023 4:24:44 PM org.openqa.selenium.devtools.CdpVersionFinder findNearestMatch
WARNING: Unable to find an exact match for CDP version 110, so returning the closest version found: 108
]]></system-err>
  </testcase>
</testsuite>