<?xml version="1.0" encoding="UTF-8"?>
<!-- Generated by org.testng.reporters.JUnitReportReporter -->
<testsuite hostname="PRFT-13713" failures="1" tests="1" name="com.perficient.accessibilitytest.runnertest.RunnerTest" time="27.606" errors="0" timestamp="2023-02-24T16:25:10 CST" skipped="0">
  <testcase classname="com.perficient.accessibilitytest.runnertest.RunnerTest" name="runScenario" time="27.606">
    <failure message="Found 7 accessibility violations:
1) Elements must have sufficient color contrast: https://dequeuniversity.com/rules/axe/3.1/color-contrast?application=axeAPI
  a) [&quot;#MainNavItem_0 &gt; h2 &gt; a&quot;]
    Fix any of the following:
      Element has insufficient color contrast of 2.14 (foreground color: #ffffff, background color: #ff9900, font size: 13.5pt, font weight: normal). Expected contrast ratio of 4.5:1


  b) [&quot;#ns_Z7_QB0003002GB790ASJIA2V910I0_\\:health_tab_link &gt; a&quot;]
    Fix any of the following:
      Element has insufficient color contrast of 3.02 (foreground color: #3399ee, background color: #ffffff, font size: 10.5pt, font weight: bold). Expected contrast ratio of 4.5:1


  c) [&quot;#ns_Z7_QB0003002GB790ASJIA2V910I0_\\:dental_tab_link &gt; a&quot;]
    Fix any of the following:
      Element has insufficient color contrast of 2.23 (foreground color: #3399ee, background color: #dddddd, font size: 10.5pt, font weight: bold). Expected contrast ratio of 4.5:1


  d) [&quot;#ns_Z7_QB0003002GB790ASJIA2V910I0_\\:health_tab_div &gt; .familymember[href=\&quot;#\&quot;]:nth-child(2) &gt; .access.no-access&quot;]
    Fix any of the following:
      Element has insufficient color contrast of 3.99 (foreground color: #ff0000, background color: #ffffff, font size: 8.3pt, font weight: normal). Expected contrast ratio of 4.5:1


  e) [&quot;#ns_Z7_QB0003002GB790ASJIA2V91026_healthTitle &gt; .title&quot;]
    Fix any of the following:
      Element has insufficient color contrast of 3.02 (foreground color: #3399ee, background color: #ffffff, font size: 10.5pt, font weight: bold). Expected contrast ratio of 4.5:1


  f) [&quot;.health_claims &gt; .title&quot;]
    Fix any of the following:
      Element has insufficient color contrast of 3.02 (foreground color: #3399ee, background color: #ffffff, font size: 10.5pt, font weight: bold). Expected contrast ratio of 4.5:1


  g) [&quot;#ns_Z7_QB0003002GB790ASJIA2V910S5_\\:claimSection &gt; .page-section &gt; .sm-datatable &gt; tbody &gt; tr:nth-child(2) &gt; td:nth-child(1) &gt; a &gt; .calbox &gt; .calbox-month&quot;]
    Fix any of the following:
      Element has insufficient color contrast of 3.02 (foreground color: #ffffff, background color: #3399ee, font size: 8.3pt, font weight: bold). Expected contrast ratio of 4.5:1


  h) [&quot;#ns_Z7_QB0003002GB790ASJIA2V910S5_\\:claimSection &gt; .page-section &gt; .sm-datatable &gt; tbody &gt; tr:nth-child(2) &gt; td:nth-child(1) &gt; a &gt; .calbox &gt; .calbox-month &gt; span&quot;]
    Fix any of the following:
      Element has insufficient color contrast of 3.02 (foreground color: #ffffff, background color: #3399ee, font size: 8.3pt, font weight: bold). Expected contrast ratio of 4.5:1


  i) [&quot;#ns_Z7_QB0003002GB790ASJIA2V910S5_\\:claimSection &gt; .page-section &gt; .sm-datatable &gt; tbody &gt; tr:nth-child(2) &gt; td:nth-child(1) &gt; a &gt; .calbox &gt; .calbox-day&quot;]
    Fix any of the following:
      Element has insufficient color contrast of 2.72 (foreground color: #2288dd, background color: #ccddff, font size: 12.0pt, font weight: bold). Expected contrast ratio of 4.5:1


  j) [&quot;#ns_Z7_QB0003002GB790ASJIA2V910S5_\\:claimSection &gt; .page-section &gt; .sm-datatable &gt; tbody &gt; tr:nth-child(3) &gt; td:nth-child(1) &gt; a &gt; .calbox &gt; .calbox-month&quot;]
    Fix any of the following:
      Element has insufficient color contrast of 3.02 (foreground color: #ffffff, background color: #3399ee, font size: 8.3pt, font weight: bold). Expected contrast ratio of 4.5:1


  k) [&quot;#ns_Z7_QB0003002GB790ASJIA2V910S5_\\:claimSection &gt; .page-section &gt; .sm-datatable &gt; tbody &gt; tr:nth-child(3) &gt; td:nth-child(1) &gt; a &gt; .calbox &gt; .calbox-month &gt; span&quot;]
    Fix any of the following:
      Element has insufficient color contrast of 3.02 (foreground color: #ffffff, background color: #3399ee, font size: 8.3pt, font weight: bold). Expected contrast ratio of 4.5:1


  l) [&quot;#ns_Z7_QB0003002GB790ASJIA2V910S5_\\:claimSection &gt; .page-section &gt; .sm-datatable &gt; tbody &gt; tr:nth-child(3) &gt; td:nth-child(1) &gt; a &gt; .calbox &gt; .calbox-day&quot;]
    Fix any of the following:
      Element has insufficient color contrast of 2.72 (foreground color: #2288dd, background color: #ccddff, font size: 12.0pt, font weight: bold). Expected contrast ratio of 4.5:1


  m) [&quot;#ns_Z7_QB0003002GB790ASJIA2V910S5_\\:claimSection &gt; .page-section &gt; .sm-datatable &gt; tbody &gt; tr:nth-child(4) &gt; td:nth-child(1) &gt; a &gt; .calbox &gt; .calbox-month&quot;]
    Fix any of the following:
      Element has insufficient color contrast of 3.02 (foreground color: #ffffff, background color: #3399ee, font size: 8.3pt, font weight: bold). Expected contrast ratio of 4.5:1


  n) [&quot;#ns_Z7_QB0003002GB790ASJIA2V910S5_\\:claimSection &gt; .page-section &gt; .sm-datatable &gt; tbody &gt; tr:nth-child(4) &gt; td:nth-child(1) &gt; a &gt; .calbox &gt; .calbox-month &gt; span&quot;]
    Fix any of the following:
      Element has insufficient color contrast of 3.02 (foreground color: #ffffff, background color: #3399ee, font size: 8.3pt, font weight: bold). Expected contrast ratio of 4.5:1


  o) [&quot;#ns_Z7_QB0003002GB790ASJIA2V910S5_\\:claimSection &gt; .page-section &gt; .sm-datatable &gt; tbody &gt; tr:nth-child(4) &gt; td:nth-child(1) &gt; a &gt; .calbox &gt; .calbox-day&quot;]
    Fix any of the following:
      Element has insufficient color contrast of 2.72 (foreground color: #2288dd, background color: #ccddff, font size: 12.0pt, font weight: bold). Expected contrast ratio of 4.5:1


  p) [&quot;.dental_claims &gt; .title&quot;]
    Fix any of the following:
      Element has insufficient color contrast of 3.02 (foreground color: #3399ee, background color: #ffffff, font size: 10.5pt, font weight: bold). Expected contrast ratio of 4.5:1


  q) [&quot;#ns_Z7_QB0003002GB790ASJIA2V910S7_\\:claimSection &gt; .page-section &gt; .sm-datatable &gt; tbody &gt; tr:nth-child(2) &gt; td:nth-child(1) &gt; a &gt; .calbox &gt; .calbox-month&quot;]
    Fix any of the following:
      Element has insufficient color contrast of 3.02 (foreground color: #ffffff, background color: #3399ee, font size: 8.3pt, font weight: bold). Expected contrast ratio of 4.5:1


  r) [&quot;#ns_Z7_QB0003002GB790ASJIA2V910S7_\\:claimSection &gt; .page-section &gt; .sm-datatable &gt; tbody &gt; tr:nth-child(2) &gt; td:nth-child(1) &gt; a &gt; .calbox &gt; .calbox-month &gt; span&quot;]
    Fix any of the following:
      Element has insufficient color contrast of 3.02 (foreground color: #ffffff, background color: #3399ee, font size: 8.3pt, font weight: bold). Expected contrast ratio of 4.5:1


  s) [&quot;#ns_Z7_QB0003002GB790ASJIA2V910S7_\\:claimSection &gt; .page-section &gt; .sm-datatable &gt; tbody &gt; tr:nth-child(2) &gt; td:nth-child(1) &gt; a &gt; .calbox &gt; .calbox-day&quot;]
    Fix any of the following:
      Element has insufficient color contrast of 2.72 (foreground color: #2288dd, background color: #ccddff, font size: 12.0pt, font weight: bold). Expected contrast ratio of 4.5:1


  t) [&quot;#ns_Z7_QB0003002GB790ASJIA2V910S7_\\:claimSection &gt; .page-section &gt; .sm-datatable &gt; tbody &gt; tr:nth-child(3) &gt; td:nth-child(1) &gt; a &gt; .calbox &gt; .calbox-month&quot;]
    Fix any of the following:
      Element has insufficient color contrast of 3.02 (foreground color: #ffffff, background color: #3399ee, font size: 8.3pt, font weight: bold). Expected contrast ratio of 4.5:1


  u) [&quot;#ns_Z7_QB0003002GB790ASJIA2V910S7_\\:claimSection &gt; .page-section &gt; .sm-datatable &gt; tbody &gt; tr:nth-child(3) &gt; td:nth-child(1) &gt; a &gt; .calbox &gt; .calbox-month &gt; span&quot;]
    Fix any of the following:
      Element has insufficient color contrast of 3.02 (foreground color: #ffffff, background color: #3399ee, font size: 8.3pt, font weight: bold). Expected contrast ratio of 4.5:1


  v) [&quot;#ns_Z7_QB0003002GB790ASJIA2V910S7_\\:claimSection &gt; .page-section &gt; .sm-datatable &gt; tbody &gt; tr:nth-child(3) &gt; td:nth-child(1) &gt; a &gt; .calbox &gt; .calbox-day&quot;]
    Fix any of the following:
      Element has insufficient color contrast of 2.72 (foreground color: #2288dd, background color: #ccddff, font size: 12.0pt, font weight: bold). Expected contrast ratio of 4.5:1


  w) [&quot;#ns_Z7_QB0003002GB790ASJIA2V910S7_\\:claimSection &gt; .page-section &gt; .sm-datatable &gt; tbody &gt; tr:nth-child(4) &gt; td:nth-child(1) &gt; a &gt; .calbox &gt; .calbox-month&quot;]
    Fix any of the following:
      Element has insufficient color contrast of 3.02 (foreground color: #ffffff, background color: #3399ee, font size: 8.3pt, font weight: bold). Expected contrast ratio of 4.5:1


  x) [&quot;#ns_Z7_QB0003002GB790ASJIA2V910S7_\\:claimSection &gt; .page-section &gt; .sm-datatable &gt; tbody &gt; tr:nth-child(4) &gt; td:nth-child(1) &gt; a &gt; .calbox &gt; .calbox-month &gt; span&quot;]
    Fix any of the following:
      Element has insufficient color contrast of 3.02 (foreground color: #ffffff, background color: #3399ee, font size: 8.3pt, font weight: bold). Expected contrast ratio of 4.5:1


  y) [&quot;#ns_Z7_QB0003002GB790ASJIA2V910S7_\\:claimSection &gt; .page-section &gt; .sm-datatable &gt; tbody &gt; tr:nth-child(4) &gt; td:nth-child(1) &gt; a &gt; .calbox &gt; .calbox-day&quot;]
    Fix any of the following:
      Element has insufficient color contrast of 2.72 (foreground color: #2288dd, background color: #ccddff, font size: 12.0pt, font weight: bold). Expected contrast ratio of 4.5:1


2) id attribute value must be unique: https://dequeuniversity.com/rules/axe/3.1/duplicate-id?application=axeAPI
  a) [&quot;.id-Z7_7P9A1HC0OGMD40Q4OKLNDN00Q5 &gt; .ibmPortalControl.wpthemeControl.wpthemeHidden &gt; .wpthemeControlHeader[role=\&quot;banner\&quot;] &gt; .wpthemeInner &gt; .contextMenuInSkinIcon.wpthemeIcon.wpthemeMenuFocus &gt; .wpthemeMenu[data-positioning-handler=\&quot;horizontallyCenteredBelow\&quot;] &gt; .wpthemeAnchorSubmenu.wpthemeTemplateSubmenu &gt; .wpthemeMenuSubmenu.wpthemeMenuBorder &gt; .wpthemeMenuDropDown[role=\&quot;menu\&quot;]&quot;]
    Fix any of the following:
      Document has multiple static elements with the same id attribute


3) Headings must not be empty: https://dequeuniversity.com/rules/axe/3.1/empty-heading?application=axeAPI
  a) [&quot;#Poster-Secure-1 &gt; h2&quot;]
    Fix any of the following:
      Element does not have text that is visible to screen readers


  b) [&quot;#Poster-Secure-2 &gt; h2&quot;]
    Fix any of the following:
      Element does not have text that is visible to screen readers


  c) [&quot;#Poster-Secure-3 &gt; h2&quot;]
    Fix any of the following:
      Element does not have text that is visible to screen readers


  d) [&quot;#Poster-Secure-4 &gt; h2&quot;]
    Fix any of the following:
      Element does not have text that is visible to screen readers


4) Page must not have more than one banner landmark: https://dequeuniversity.com/rules/axe/3.1/landmark-no-duplicate-banner?application=axeAPI
  a) [&quot;html&quot;]
    Fix any of the following:
      Document has more than one banner landmark


5) Links must have discernible text: https://dequeuniversity.com/rules/axe/3.1/link-name?application=axeAPI
  a) [&quot;#Poster-15dd8220-1c54-40ac-8a0b-e69e27ef10fd&quot;]
    Fix all of the following:
      Element is in tab order and does not have accessible text

    Fix any of the following:
      Element does not have text that is visible to screen readers
      aria-label attribute does not exist or is empty
      aria-labelledby attribute does not exist, references elements that do not exist or references elements that are empty
      Element&#039;s default semantics were not overridden with role=&quot;presentation&quot;
      Element&#039;s default semantics were not overridden with role=&quot;none&quot;


6) &lt;ul&gt; and &lt;ol&gt; must only directly contain &lt;li&gt;, &lt;script&gt; or &lt;template&gt; elements: https://dequeuniversity.com/rules/axe/3.1/list?application=axeAPI
  a) [&quot;nav &gt; ul&quot;]
    Fix all of the following:
      List element has direct children that are not allowed inside &lt;li&gt; elements


7) All page content must be contained by landmarks: https://dequeuniversity.com/rules/axe/3.1/region?application=axeAPI
  a) [&quot;html&quot;]
    Fix any of the following:
      Some page content is not contained by landmarks

" type="java.lang.AssertionError">
      <![CDATA[java.lang.AssertionError: Found 7 accessibility violations:
1) Elements must have sufficient color contrast: https://dequeuniversity.com/rules/axe/3.1/color-contrast?application=axeAPI
  a) ["#MainNavItem_0 > h2 > a"]
    Fix any of the following:
      Element has insufficient color contrast of 2.14 (foreground color: #ffffff, background color: #ff9900, font size: 13.5pt, font weight: normal). Expected contrast ratio of 4.5:1


  b) ["#ns_Z7_QB0003002GB790ASJIA2V910I0_\\:health_tab_link > a"]
    Fix any of the following:
      Element has insufficient color contrast of 3.02 (foreground color: #3399ee, background color: #ffffff, font size: 10.5pt, font weight: bold). Expected contrast ratio of 4.5:1


  c) ["#ns_Z7_QB0003002GB790ASJIA2V910I0_\\:dental_tab_link > a"]
    Fix any of the following:
      Element has insufficient color contrast of 2.23 (foreground color: #3399ee, background color: #dddddd, font size: 10.5pt, font weight: bold). Expected contrast ratio of 4.5:1


  d) ["#ns_Z7_QB0003002GB790ASJIA2V910I0_\\:health_tab_div > .familymember[href=\"#\"]:nth-child(2) > .access.no-access"]
    Fix any of the following:
      Element has insufficient color contrast of 3.99 (foreground color: #ff0000, background color: #ffffff, font size: 8.3pt, font weight: normal). Expected contrast ratio of 4.5:1


  e) ["#ns_Z7_QB0003002GB790ASJIA2V91026_healthTitle > .title"]
    Fix any of the following:
      Element has insufficient color contrast of 3.02 (foreground color: #3399ee, background color: #ffffff, font size: 10.5pt, font weight: bold). Expected contrast ratio of 4.5:1


  f) [".health_claims > .title"]
    Fix any of the following:
      Element has insufficient color contrast of 3.02 (foreground color: #3399ee, background color: #ffffff, font size: 10.5pt, font weight: bold). Expected contrast ratio of 4.5:1


  g) ["#ns_Z7_QB0003002GB790ASJIA2V910S5_\\:claimSection > .page-section > .sm-datatable > tbody > tr:nth-child(2) > td:nth-child(1) > a > .calbox > .calbox-month"]
    Fix any of the following:
      Element has insufficient color contrast of 3.02 (foreground color: #ffffff, background color: #3399ee, font size: 8.3pt, font weight: bold). Expected contrast ratio of 4.5:1


  h) ["#ns_Z7_QB0003002GB790ASJIA2V910S5_\\:claimSection > .page-section > .sm-datatable > tbody > tr:nth-child(2) > td:nth-child(1) > a > .calbox > .calbox-month > span"]
    Fix any of the following:
      Element has insufficient color contrast of 3.02 (foreground color: #ffffff, background color: #3399ee, font size: 8.3pt, font weight: bold). Expected contrast ratio of 4.5:1


  i) ["#ns_Z7_QB0003002GB790ASJIA2V910S5_\\:claimSection > .page-section > .sm-datatable > tbody > tr:nth-child(2) > td:nth-child(1) > a > .calbox > .calbox-day"]
    Fix any of the following:
      Element has insufficient color contrast of 2.72 (foreground color: #2288dd, background color: #ccddff, font size: 12.0pt, font weight: bold). Expected contrast ratio of 4.5:1


  j) ["#ns_Z7_QB0003002GB790ASJIA2V910S5_\\:claimSection > .page-section > .sm-datatable > tbody > tr:nth-child(3) > td:nth-child(1) > a > .calbox > .calbox-month"]
    Fix any of the following:
      Element has insufficient color contrast of 3.02 (foreground color: #ffffff, background color: #3399ee, font size: 8.3pt, font weight: bold). Expected contrast ratio of 4.5:1


  k) ["#ns_Z7_QB0003002GB790ASJIA2V910S5_\\:claimSection > .page-section > .sm-datatable > tbody > tr:nth-child(3) > td:nth-child(1) > a > .calbox > .calbox-month > span"]
    Fix any of the following:
      Element has insufficient color contrast of 3.02 (foreground color: #ffffff, background color: #3399ee, font size: 8.3pt, font weight: bold). Expected contrast ratio of 4.5:1


  l) ["#ns_Z7_QB0003002GB790ASJIA2V910S5_\\:claimSection > .page-section > .sm-datatable > tbody > tr:nth-child(3) > td:nth-child(1) > a > .calbox > .calbox-day"]
    Fix any of the following:
      Element has insufficient color contrast of 2.72 (foreground color: #2288dd, background color: #ccddff, font size: 12.0pt, font weight: bold). Expected contrast ratio of 4.5:1


  m) ["#ns_Z7_QB0003002GB790ASJIA2V910S5_\\:claimSection > .page-section > .sm-datatable > tbody > tr:nth-child(4) > td:nth-child(1) > a > .calbox > .calbox-month"]
    Fix any of the following:
      Element has insufficient color contrast of 3.02 (foreground color: #ffffff, background color: #3399ee, font size: 8.3pt, font weight: bold). Expected contrast ratio of 4.5:1


  n) ["#ns_Z7_QB0003002GB790ASJIA2V910S5_\\:claimSection > .page-section > .sm-datatable > tbody > tr:nth-child(4) > td:nth-child(1) > a > .calbox > .calbox-month > span"]
    Fix any of the following:
      Element has insufficient color contrast of 3.02 (foreground color: #ffffff, background color: #3399ee, font size: 8.3pt, font weight: bold). Expected contrast ratio of 4.5:1


  o) ["#ns_Z7_QB0003002GB790ASJIA2V910S5_\\:claimSection > .page-section > .sm-datatable > tbody > tr:nth-child(4) > td:nth-child(1) > a > .calbox > .calbox-day"]
    Fix any of the following:
      Element has insufficient color contrast of 2.72 (foreground color: #2288dd, background color: #ccddff, font size: 12.0pt, font weight: bold). Expected contrast ratio of 4.5:1


  p) [".dental_claims > .title"]
    Fix any of the following:
      Element has insufficient color contrast of 3.02 (foreground color: #3399ee, background color: #ffffff, font size: 10.5pt, font weight: bold). Expected contrast ratio of 4.5:1


  q) ["#ns_Z7_QB0003002GB790ASJIA2V910S7_\\:claimSection > .page-section > .sm-datatable > tbody > tr:nth-child(2) > td:nth-child(1) > a > .calbox > .calbox-month"]
    Fix any of the following:
      Element has insufficient color contrast of 3.02 (foreground color: #ffffff, background color: #3399ee, font size: 8.3pt, font weight: bold). Expected contrast ratio of 4.5:1


  r) ["#ns_Z7_QB0003002GB790ASJIA2V910S7_\\:claimSection > .page-section > .sm-datatable > tbody > tr:nth-child(2) > td:nth-child(1) > a > .calbox > .calbox-month > span"]
    Fix any of the following:
      Element has insufficient color contrast of 3.02 (foreground color: #ffffff, background color: #3399ee, font size: 8.3pt, font weight: bold). Expected contrast ratio of 4.5:1


  s) ["#ns_Z7_QB0003002GB790ASJIA2V910S7_\\:claimSection > .page-section > .sm-datatable > tbody > tr:nth-child(2) > td:nth-child(1) > a > .calbox > .calbox-day"]
    Fix any of the following:
      Element has insufficient color contrast of 2.72 (foreground color: #2288dd, background color: #ccddff, font size: 12.0pt, font weight: bold). Expected contrast ratio of 4.5:1


  t) ["#ns_Z7_QB0003002GB790ASJIA2V910S7_\\:claimSection > .page-section > .sm-datatable > tbody > tr:nth-child(3) > td:nth-child(1) > a > .calbox > .calbox-month"]
    Fix any of the following:
      Element has insufficient color contrast of 3.02 (foreground color: #ffffff, background color: #3399ee, font size: 8.3pt, font weight: bold). Expected contrast ratio of 4.5:1


  u) ["#ns_Z7_QB0003002GB790ASJIA2V910S7_\\:claimSection > .page-section > .sm-datatable > tbody > tr:nth-child(3) > td:nth-child(1) > a > .calbox > .calbox-month > span"]
    Fix any of the following:
      Element has insufficient color contrast of 3.02 (foreground color: #ffffff, background color: #3399ee, font size: 8.3pt, font weight: bold). Expected contrast ratio of 4.5:1


  v) ["#ns_Z7_QB0003002GB790ASJIA2V910S7_\\:claimSection > .page-section > .sm-datatable > tbody > tr:nth-child(3) > td:nth-child(1) > a > .calbox > .calbox-day"]
    Fix any of the following:
      Element has insufficient color contrast of 2.72 (foreground color: #2288dd, background color: #ccddff, font size: 12.0pt, font weight: bold). Expected contrast ratio of 4.5:1


  w) ["#ns_Z7_QB0003002GB790ASJIA2V910S7_\\:claimSection > .page-section > .sm-datatable > tbody > tr:nth-child(4) > td:nth-child(1) > a > .calbox > .calbox-month"]
    Fix any of the following:
      Element has insufficient color contrast of 3.02 (foreground color: #ffffff, background color: #3399ee, font size: 8.3pt, font weight: bold). Expected contrast ratio of 4.5:1


  x) ["#ns_Z7_QB0003002GB790ASJIA2V910S7_\\:claimSection > .page-section > .sm-datatable > tbody > tr:nth-child(4) > td:nth-child(1) > a > .calbox > .calbox-month > span"]
    Fix any of the following:
      Element has insufficient color contrast of 3.02 (foreground color: #ffffff, background color: #3399ee, font size: 8.3pt, font weight: bold). Expected contrast ratio of 4.5:1


  y) ["#ns_Z7_QB0003002GB790ASJIA2V910S7_\\:claimSection > .page-section > .sm-datatable > tbody > tr:nth-child(4) > td:nth-child(1) > a > .calbox > .calbox-day"]
    Fix any of the following:
      Element has insufficient color contrast of 2.72 (foreground color: #2288dd, background color: #ccddff, font size: 12.0pt, font weight: bold). Expected contrast ratio of 4.5:1


2) id attribute value must be unique: https://dequeuniversity.com/rules/axe/3.1/duplicate-id?application=axeAPI
  a) [".id-Z7_7P9A1HC0OGMD40Q4OKLNDN00Q5 > .ibmPortalControl.wpthemeControl.wpthemeHidden > .wpthemeControlHeader[role=\"banner\"] > .wpthemeInner > .contextMenuInSkinIcon.wpthemeIcon.wpthemeMenuFocus > .wpthemeMenu[data-positioning-handler=\"horizontallyCenteredBelow\"] > .wpthemeAnchorSubmenu.wpthemeTemplateSubmenu > .wpthemeMenuSubmenu.wpthemeMenuBorder > .wpthemeMenuDropDown[role=\"menu\"]"]
    Fix any of the following:
      Document has multiple static elements with the same id attribute


3) Headings must not be empty: https://dequeuniversity.com/rules/axe/3.1/empty-heading?application=axeAPI
  a) ["#Poster-Secure-1 > h2"]
    Fix any of the following:
      Element does not have text that is visible to screen readers


  b) ["#Poster-Secure-2 > h2"]
    Fix any of the following:
      Element does not have text that is visible to screen readers


  c) ["#Poster-Secure-3 > h2"]
    Fix any of the following:
      Element does not have text that is visible to screen readers


  d) ["#Poster-Secure-4 > h2"]
    Fix any of the following:
      Element does not have text that is visible to screen readers


4) Page must not have more than one banner landmark: https://dequeuniversity.com/rules/axe/3.1/landmark-no-duplicate-banner?application=axeAPI
  a) ["html"]
    Fix any of the following:
      Document has more than one banner landmark


5) Links must have discernible text: https://dequeuniversity.com/rules/axe/3.1/link-name?application=axeAPI
  a) ["#Poster-15dd8220-1c54-40ac-8a0b-e69e27ef10fd"]
    Fix all of the following:
      Element is in tab order and does not have accessible text

    Fix any of the following:
      Element does not have text that is visible to screen readers
      aria-label attribute does not exist or is empty
      aria-labelledby attribute does not exist, references elements that do not exist or references elements that are empty
      Element's default semantics were not overridden with role="presentation"
      Element's default semantics were not overridden with role="none"


6) <ul> and <ol> must only directly contain <li>, <script> or <template> elements: https://dequeuniversity.com/rules/axe/3.1/list?application=axeAPI
  a) ["nav > ul"]
    Fix all of the following:
      List element has direct children that are not allowed inside <li> elements


7) All page content must be contained by landmarks: https://dequeuniversity.com/rules/axe/3.1/region?application=axeAPI
  a) ["html"]
    Fix any of the following:
      Some page content is not contained by landmarks


at org.junit.Assert.fail(Assert.java:89)
at org.junit.Assert.assertTrue(Assert.java:42)
at com.perficient.accessibilitytest.AbstractServiceTest.accessibilityTest(AbstractServiceTest.java:47)
at com.perficient.accessibilitytest.stepdefinition.MyStepDefinitions.i_see_accessibility_report(MyStepDefinitions.java:38)
at ✽.I see accessibility report(file:///C:/Users/Sarkerm.rashid/IdeaProjects/accessibility-test/src/test/resources/features/demo-accessibility-testing.feature:11)
]]>
    </failure>
  </testcase> <!-- runScenario -->
  <system-out/>
</testsuite> <!-- com.perficient.accessibilitytest.runnertest.RunnerTest -->
